{"/Users/lawlorseanr/hackreactor/senior/project-catwalk/client/src/components/Overview/ImageGallery-Default.jsx": {"path":"/Users/lawlorseanr/hackreactor/senior/project-catwalk/client/src/components/Overview/ImageGallery-Default.jsx","statementMap":{"0":{"start":{"line":13,"column":20},"end":{"line":13,"column":23}},"1":{"start":{"line":14,"column":19},"end":{"line":14,"column":22}},"2":{"start":{"line":15,"column":20},"end":{"line":15,"column":23}},"3":{"start":{"line":16,"column":21},"end":{"line":16,"column":23}},"4":{"start":{"line":18,"column":34},"end":{"line":18,"column":74}},"5":{"start":{"line":19,"column":33},"end":{"line":19,"column":64}},"6":{"start":{"line":24,"column":19},"end":{"line":33,"column":1}},"7":{"start":{"line":25,"column":16},"end":{"line":25,"column":80}},"8":{"start":{"line":26,"column":2},"end":{"line":31,"column":3}},"9":{"start":{"line":27,"column":4},"end":{"line":30,"column":6}},"10":{"start":{"line":32,"column":2},"end":{"line":32,"column":17}},"11":{"start":{"line":35,"column":31},"end":{"line":67,"column":1}},"12":{"start":{"line":36,"column":16},"end":{"line":36,"column":28}},"13":{"start":{"line":38,"column":27},"end":{"line":38,"column":45}},"14":{"start":{"line":39,"column":2},"end":{"line":39,"column":54}},"15":{"start":{"line":40,"column":19},"end":{"line":40,"column":37}},"16":{"start":{"line":42,"column":13},"end":{"line":42,"column":74}},"17":{"start":{"line":43,"column":14},"end":{"line":43,"column":76}},"18":{"start":{"line":45,"column":2},"end":{"line":45,"column":81}},"19":{"start":{"line":45,"column":23},"end":{"line":45,"column":79}},"20":{"start":{"line":46,"column":2},"end":{"line":46,"column":83}},"21":{"start":{"line":46,"column":24},"end":{"line":46,"column":81}},"22":{"start":{"line":48,"column":2},"end":{"line":66,"column":3}},"23":{"start":{"line":49,"column":4},"end":{"line":49,"column":25}},"24":{"start":{"line":50,"column":4},"end":{"line":50,"column":27}},"25":{"start":{"line":51,"column":4},"end":{"line":51,"column":52}},"26":{"start":{"line":52,"column":4},"end":{"line":52,"column":50}},"27":{"start":{"line":53,"column":9},"end":{"line":66,"column":3}},"28":{"start":{"line":54,"column":4},"end":{"line":54,"column":26}},"29":{"start":{"line":55,"column":4},"end":{"line":55,"column":26}},"30":{"start":{"line":56,"column":4},"end":{"line":56,"column":53}},"31":{"start":{"line":57,"column":4},"end":{"line":57,"column":51}},"32":{"start":{"line":59,"column":4},"end":{"line":59,"column":36}},"33":{"start":{"line":60,"column":4},"end":{"line":60,"column":26}},"34":{"start":{"line":61,"column":4},"end":{"line":61,"column":27}},"35":{"start":{"line":62,"column":4},"end":{"line":62,"column":53}},"36":{"start":{"line":63,"column":4},"end":{"line":63,"column":54}},"37":{"start":{"line":64,"column":4},"end":{"line":64,"column":49}},"38":{"start":{"line":65,"column":4},"end":{"line":65,"column":50}},"39":{"start":{"line":69,"column":26},"end":{"line":76,"column":1}},"40":{"start":{"line":70,"column":2},"end":{"line":75,"column":7}},"41":{"start":{"line":84,"column":19},"end":{"line":84,"column":32}},"42":{"start":{"line":86,"column":16},"end":{"line":86,"column":28}},"43":{"start":{"line":87,"column":2},"end":{"line":89,"column":3}},"44":{"start":{"line":88,"column":4},"end":{"line":88,"column":52}},"45":{"start":{"line":91,"column":24},"end":{"line":91,"column":69}},"46":{"start":{"line":93,"column":2},"end":{"line":175,"column":4}},"47":{"start":{"line":100,"column":25},"end":{"line":100,"column":63}},"48":{"start":{"line":112,"column":25},"end":{"line":112,"column":65}},"49":{"start":{"line":118,"column":25},"end":{"line":118,"column":62}},"50":{"start":{"line":127,"column":25},"end":{"line":127,"column":51}},"51":{"start":{"line":133,"column":12},"end":{"line":163,"column":14}},"52":{"start":{"line":145,"column":18},"end":{"line":149,"column":44}},"53":{"start":{"line":170,"column":25},"end":{"line":170,"column":50}}},"fnMap":{"0":{"name":"(anonymous_0)","decl":{"start":{"line":24,"column":19},"end":{"line":24,"column":20}},"loc":{"start":{"line":24,"column":25},"end":{"line":33,"column":1}},"line":24},"1":{"name":"(anonymous_1)","decl":{"start":{"line":35,"column":31},"end":{"line":35,"column":32}},"loc":{"start":{"line":35,"column":46},"end":{"line":67,"column":1}},"line":35},"2":{"name":"(anonymous_2)","decl":{"start":{"line":45,"column":53},"end":{"line":45,"column":54}},"loc":{"start":{"line":45,"column":59},"end":{"line":45,"column":61}},"line":45},"3":{"name":"(anonymous_3)","decl":{"start":{"line":45,"column":68},"end":{"line":45,"column":69}},"loc":{"start":{"line":45,"column":74},"end":{"line":45,"column":76}},"line":45},"4":{"name":"(anonymous_4)","decl":{"start":{"line":46,"column":55},"end":{"line":46,"column":56}},"loc":{"start":{"line":46,"column":61},"end":{"line":46,"column":63}},"line":46},"5":{"name":"(anonymous_5)","decl":{"start":{"line":46,"column":70},"end":{"line":46,"column":71}},"loc":{"start":{"line":46,"column":76},"end":{"line":46,"column":78}},"line":46},"6":{"name":"(anonymous_6)","decl":{"start":{"line":69,"column":26},"end":{"line":69,"column":27}},"loc":{"start":{"line":69,"column":58},"end":{"line":76,"column":1}},"line":69},"7":{"name":"(anonymous_7)","decl":{"start":{"line":82,"column":15},"end":{"line":82,"column":16}},"loc":{"start":{"line":82,"column":30},"end":{"line":176,"column":1}},"line":82},"8":{"name":"(anonymous_8)","decl":{"start":{"line":100,"column":19},"end":{"line":100,"column":20}},"loc":{"start":{"line":100,"column":25},"end":{"line":100,"column":63}},"line":100},"9":{"name":"(anonymous_9)","decl":{"start":{"line":112,"column":19},"end":{"line":112,"column":20}},"loc":{"start":{"line":112,"column":25},"end":{"line":112,"column":65}},"line":112},"10":{"name":"(anonymous_10)","decl":{"start":{"line":118,"column":19},"end":{"line":118,"column":20}},"loc":{"start":{"line":118,"column":25},"end":{"line":118,"column":62}},"line":118},"11":{"name":"(anonymous_11)","decl":{"start":{"line":127,"column":19},"end":{"line":127,"column":20}},"loc":{"start":{"line":127,"column":25},"end":{"line":127,"column":51}},"line":127},"12":{"name":"(anonymous_12)","decl":{"start":{"line":132,"column":37},"end":{"line":132,"column":38}},"loc":{"start":{"line":132,"column":51},"end":{"line":164,"column":11}},"line":132},"13":{"name":"(anonymous_13)","decl":{"start":{"line":144,"column":25},"end":{"line":144,"column":26}},"loc":{"start":{"line":144,"column":31},"end":{"line":150,"column":17}},"line":144},"14":{"name":"(anonymous_14)","decl":{"start":{"line":154,"column":30},"end":{"line":154,"column":31}},"loc":{"start":{"line":154,"column":36},"end":{"line":154,"column":38}},"line":154},"15":{"name":"(anonymous_15)","decl":{"start":{"line":170,"column":19},"end":{"line":170,"column":20}},"loc":{"start":{"line":170,"column":25},"end":{"line":170,"column":50}},"line":170}},"branchMap":{"0":{"loc":{"start":{"line":26,"column":2},"end":{"line":31,"column":3}},"type":"if","locations":[{"start":{"line":26,"column":2},"end":{"line":31,"column":3}},{"start":{"line":26,"column":2},"end":{"line":31,"column":3}}],"line":26},"1":{"loc":{"start":{"line":45,"column":2},"end":{"line":45,"column":81}},"type":"if","locations":[{"start":{"line":45,"column":2},"end":{"line":45,"column":81}},{"start":{"line":45,"column":2},"end":{"line":45,"column":81}}],"line":45},"2":{"loc":{"start":{"line":46,"column":2},"end":{"line":46,"column":83}},"type":"if","locations":[{"start":{"line":46,"column":2},"end":{"line":46,"column":83}},{"start":{"line":46,"column":2},"end":{"line":46,"column":83}}],"line":46},"3":{"loc":{"start":{"line":48,"column":2},"end":{"line":66,"column":3}},"type":"if","locations":[{"start":{"line":48,"column":2},"end":{"line":66,"column":3}},{"start":{"line":48,"column":2},"end":{"line":66,"column":3}}],"line":48},"4":{"loc":{"start":{"line":48,"column":6},"end":{"line":48,"column":70}},"type":"binary-expr","locations":[{"start":{"line":48,"column":6},"end":{"line":48,"column":19}},{"start":{"line":48,"column":23},"end":{"line":48,"column":70}}],"line":48},"5":{"loc":{"start":{"line":53,"column":9},"end":{"line":66,"column":3}},"type":"if","locations":[{"start":{"line":53,"column":9},"end":{"line":66,"column":3}},{"start":{"line":53,"column":9},"end":{"line":66,"column":3}}],"line":53},"6":{"loc":{"start":{"line":53,"column":13},"end":{"line":53,"column":87}},"type":"binary-expr","locations":[{"start":{"line":53,"column":13},"end":{"line":53,"column":26}},{"start":{"line":53,"column":30},"end":{"line":53,"column":87}}],"line":53},"7":{"loc":{"start":{"line":87,"column":2},"end":{"line":89,"column":3}},"type":"if","locations":[{"start":{"line":87,"column":2},"end":{"line":89,"column":3}},{"start":{"line":87,"column":2},"end":{"line":89,"column":3}}],"line":87},"8":{"loc":{"start":{"line":99,"column":46},"end":{"line":99,"column":92}},"type":"cond-expr","locations":[{"start":{"line":99,"column":76},"end":{"line":99,"column":87}},{"start":{"line":99,"column":90},"end":{"line":99,"column":92}}],"line":99},"9":{"loc":{"start":{"line":117,"column":46},"end":{"line":117,"column":120}},"type":"cond-expr","locations":[{"start":{"line":117,"column":104},"end":{"line":117,"column":106}},{"start":{"line":117,"column":109},"end":{"line":117,"column":120}}],"line":117},"10":{"loc":{"start":{"line":153,"column":37},"end":{"line":153,"column":81}},"type":"binary-expr","locations":[{"start":{"line":153,"column":37},"end":{"line":153,"column":64}},{"start":{"line":153,"column":68},"end":{"line":153,"column":81}}],"line":153},"11":{"loc":{"start":{"line":157,"column":29},"end":{"line":157,"column":64}},"type":"binary-expr","locations":[{"start":{"line":157,"column":29},"end":{"line":157,"column":56}},{"start":{"line":157,"column":60},"end":{"line":157,"column":64}}],"line":157}},"s":{"0":1,"1":1,"2":1,"3":1,"4":1,"5":1,"6":1,"7":11,"8":11,"9":11,"10":0,"11":1,"12":2,"13":2,"14":2,"15":2,"16":2,"17":2,"18":2,"19":2,"20":2,"21":2,"22":2,"23":0,"24":0,"25":0,"26":0,"27":2,"28":0,"29":0,"30":0,"31":0,"32":2,"33":2,"34":2,"35":2,"36":2,"37":2,"38":2,"39":1,"40":7,"41":2,"42":2,"43":2,"44":2,"45":2,"46":2,"47":4,"48":0,"49":3,"50":1,"51":22,"52":2,"53":1},"f":{"0":11,"1":2,"2":2,"3":2,"4":2,"5":2,"6":7,"7":2,"8":4,"9":0,"10":3,"11":1,"12":22,"13":2,"14":0,"15":1},"b":{"0":[11,0],"1":[2,0],"2":[2,0],"3":[0,2],"4":[2,1],"5":[0,2],"6":[2,1],"7":[2,0],"8":[2,0],"9":[2,0],"10":[22,2],"11":[22,2]},"_coverageSchema":"1a1c01bbd47fc00a2c39e90264f33305004495a9","hash":"e46b4a2cb0c58c0d003a0999b0dc4cdf37d0489b"}
,"/Users/lawlorseanr/hackreactor/senior/project-catwalk/client/src/components/Overview/ImageGallery-Expanded.jsx": {"path":"/Users/lawlorseanr/hackreactor/senior/project-catwalk/client/src/components/Overview/ImageGallery-Expanded.jsx","statementMap":{"0":{"start":{"line":8,"column":19},"end":{"line":8,"column":22}},"1":{"start":{"line":9,"column":20},"end":{"line":9,"column":23}},"2":{"start":{"line":11,"column":16},"end":{"line":20,"column":1}},"3":{"start":{"line":12,"column":13},"end":{"line":12,"column":69}},"4":{"start":{"line":13,"column":2},"end":{"line":13,"column":88}},"5":{"start":{"line":13,"column":21},"end":{"line":13,"column":86}},"6":{"start":{"line":15,"column":12},"end":{"line":15,"column":44}},"7":{"start":{"line":16,"column":17},"end":{"line":16,"column":59}},"8":{"start":{"line":17,"column":17},"end":{"line":17,"column":59}},"9":{"start":{"line":18,"column":2},"end":{"line":18,"column":48}},"10":{"start":{"line":19,"column":2},"end":{"line":19,"column":48}},"11":{"start":{"line":22,"column":26},"end":{"line":29,"column":1}},"12":{"start":{"line":23,"column":2},"end":{"line":28,"column":7}},"13":{"start":{"line":33,"column":19},"end":{"line":33,"column":32}},"14":{"start":{"line":35,"column":24},"end":{"line":35,"column":69}},"15":{"start":{"line":37,"column":17},"end":{"line":43,"column":3}},"16":{"start":{"line":45,"column":22},"end":{"line":45,"column":30}},"17":{"start":{"line":46,"column":14},"end":{"line":46,"column":19}},"18":{"start":{"line":47,"column":2},"end":{"line":51,"column":3}},"19":{"start":{"line":48,"column":4},"end":{"line":48,"column":33}},"20":{"start":{"line":49,"column":4},"end":{"line":49,"column":28}},"21":{"start":{"line":50,"column":4},"end":{"line":50,"column":17}},"22":{"start":{"line":53,"column":2},"end":{"line":114,"column":4}},"23":{"start":{"line":59,"column":23},"end":{"line":59,"column":61}},"24":{"start":{"line":65,"column":26},"end":{"line":65,"column":42}},"25":{"start":{"line":67,"column":10},"end":{"line":72,"column":11}},"26":{"start":{"line":68,"column":21},"end":{"line":68,"column":83}},"27":{"start":{"line":69,"column":12},"end":{"line":69,"column":75}},"28":{"start":{"line":69,"column":31},"end":{"line":69,"column":73}},"29":{"start":{"line":70,"column":12},"end":{"line":70,"column":52}},"30":{"start":{"line":71,"column":12},"end":{"line":71,"column":50}},"31":{"start":{"line":76,"column":25},"end":{"line":76,"column":65}},"32":{"start":{"line":79,"column":30},"end":{"line":79,"column":49}},"33":{"start":{"line":85,"column":12},"end":{"line":101,"column":14}},"34":{"start":{"line":91,"column":34},"end":{"line":91,"column":53}},"35":{"start":{"line":93,"column":18},"end":{"line":93,"column":38}},"36":{"start":{"line":94,"column":18},"end":{"line":98,"column":26}},"37":{"start":{"line":109,"column":23},"end":{"line":109,"column":60}}},"fnMap":{"0":{"name":"(anonymous_0)","decl":{"start":{"line":11,"column":16},"end":{"line":11,"column":17}},"loc":{"start":{"line":11,"column":21},"end":{"line":20,"column":1}},"line":11},"1":{"name":"(anonymous_1)","decl":{"start":{"line":22,"column":26},"end":{"line":22,"column":27}},"loc":{"start":{"line":22,"column":58},"end":{"line":29,"column":1}},"line":22},"2":{"name":"(anonymous_2)","decl":{"start":{"line":31,"column":15},"end":{"line":31,"column":16}},"loc":{"start":{"line":31,"column":30},"end":{"line":115,"column":1}},"line":31},"3":{"name":"(anonymous_3)","decl":{"start":{"line":45,"column":22},"end":{"line":45,"column":23}},"loc":{"start":{"line":45,"column":28},"end":{"line":45,"column":30}},"line":45},"4":{"name":"(anonymous_4)","decl":{"start":{"line":59,"column":17},"end":{"line":59,"column":18}},"loc":{"start":{"line":59,"column":23},"end":{"line":59,"column":61}},"line":59},"5":{"name":"(anonymous_5)","decl":{"start":{"line":65,"column":21},"end":{"line":65,"column":22}},"loc":{"start":{"line":65,"column":26},"end":{"line":65,"column":42}},"line":65},"6":{"name":"(anonymous_6)","decl":{"start":{"line":66,"column":17},"end":{"line":66,"column":18}},"loc":{"start":{"line":66,"column":23},"end":{"line":73,"column":9}},"line":66},"7":{"name":"(anonymous_7)","decl":{"start":{"line":76,"column":19},"end":{"line":76,"column":20}},"loc":{"start":{"line":76,"column":25},"end":{"line":76,"column":65}},"line":76},"8":{"name":"(anonymous_8)","decl":{"start":{"line":79,"column":25},"end":{"line":79,"column":26}},"loc":{"start":{"line":79,"column":30},"end":{"line":79,"column":49}},"line":79},"9":{"name":"(anonymous_9)","decl":{"start":{"line":84,"column":37},"end":{"line":84,"column":38}},"loc":{"start":{"line":84,"column":51},"end":{"line":102,"column":11}},"line":84},"10":{"name":"(anonymous_10)","decl":{"start":{"line":91,"column":29},"end":{"line":91,"column":30}},"loc":{"start":{"line":91,"column":34},"end":{"line":91,"column":53}},"line":91},"11":{"name":"(anonymous_11)","decl":{"start":{"line":92,"column":25},"end":{"line":92,"column":26}},"loc":{"start":{"line":92,"column":30},"end":{"line":99,"column":17}},"line":92},"12":{"name":"(anonymous_12)","decl":{"start":{"line":109,"column":17},"end":{"line":109,"column":18}},"loc":{"start":{"line":109,"column":23},"end":{"line":109,"column":60}},"line":109}},"branchMap":{"0":{"loc":{"start":{"line":13,"column":2},"end":{"line":13,"column":88}},"type":"if","locations":[{"start":{"line":13,"column":2},"end":{"line":13,"column":88}},{"start":{"line":13,"column":2},"end":{"line":13,"column":88}}],"line":13},"1":{"loc":{"start":{"line":47,"column":2},"end":{"line":51,"column":3}},"type":"if","locations":[{"start":{"line":47,"column":2},"end":{"line":51,"column":3}},{"start":{"line":47,"column":2},"end":{"line":51,"column":3}}],"line":47},"2":{"loc":{"start":{"line":58,"column":58},"end":{"line":58,"column":91}},"type":"cond-expr","locations":[{"start":{"line":58,"column":75},"end":{"line":58,"column":86}},{"start":{"line":58,"column":89},"end":{"line":58,"column":91}}],"line":58},"3":{"loc":{"start":{"line":67,"column":10},"end":{"line":72,"column":11}},"type":"if","locations":[{"start":{"line":67,"column":10},"end":{"line":72,"column":11}},{"start":{"line":67,"column":10},"end":{"line":72,"column":11}}],"line":67},"4":{"loc":{"start":{"line":69,"column":12},"end":{"line":69,"column":75}},"type":"if","locations":[{"start":{"line":69,"column":12},"end":{"line":69,"column":75}},{"start":{"line":69,"column":12},"end":{"line":69,"column":75}}],"line":69},"5":{"loc":{"start":{"line":90,"column":75},"end":{"line":90,"column":121}},"type":"cond-expr","locations":[{"start":{"line":90,"column":105},"end":{"line":90,"column":116}},{"start":{"line":90,"column":119},"end":{"line":90,"column":121}}],"line":90},"6":{"loc":{"start":{"line":108,"column":58},"end":{"line":108,"column":91}},"type":"cond-expr","locations":[{"start":{"line":108,"column":75},"end":{"line":108,"column":86}},{"start":{"line":108,"column":89},"end":{"line":108,"column":91}}],"line":108}},"s":{"0":1,"1":1,"2":1,"3":0,"4":0,"5":0,"6":0,"7":0,"8":0,"9":0,"10":0,"11":1,"12":3,"13":3,"14":3,"15":3,"16":3,"17":3,"18":3,"19":1,"20":1,"21":1,"22":3,"23":2,"24":1,"25":2,"26":1,"27":1,"28":1,"29":1,"30":1,"31":1,"32":1,"33":33,"34":1,"35":1,"36":1,"37":1},"f":{"0":0,"1":3,"2":3,"3":1,"4":2,"5":1,"6":2,"7":1,"8":1,"9":33,"10":1,"11":1,"12":1},"b":{"0":[0,0],"1":[1,2],"2":[1,2],"3":[1,1],"4":[1,0],"5":[3,30],"6":[1,2]},"_coverageSchema":"1a1c01bbd47fc00a2c39e90264f33305004495a9","hash":"f8f489c4a40435edbaa3451e4f44b4b0eeb09e9b"}
,"/Users/lawlorseanr/hackreactor/senior/project-catwalk/client/src/config/config.js": {"path":"/Users/lawlorseanr/hackreactor/senior/project-catwalk/client/src/config/config.js","statementMap":{"0":{"start":{"line":1,"column":14},"end":{"line":1,"column":56}}},"fnMap":{},"branchMap":{},"s":{"0":1},"f":{},"b":{},"_coverageSchema":"1a1c01bbd47fc00a2c39e90264f33305004495a9","hash":"8efe16612542ba8643764a8d4219fcbf18f0d76a"}
,"/Users/lawlorseanr/hackreactor/senior/project-catwalk/client/src/lib/atelierAPI.js": {"path":"/Users/lawlorseanr/hackreactor/senior/project-catwalk/client/src/lib/atelierAPI.js","statementMap":{"0":{"start":{"line":3,"column":0},"end":{"line":9,"column":4}},"1":{"start":{"line":4,"column":18},"end":{"line":4,"column":32}},"2":{"start":{"line":6,"column":4},"end":{"line":8,"column":40}},"3":{"start":{"line":7,"column":23},"end":{"line":7,"column":38}},"4":{"start":{"line":8,"column":20},"end":{"line":8,"column":38}},"5":{"start":{"line":12,"column":15},"end":{"line":12,"column":61}},"6":{"start":{"line":13,"column":15},"end":{"line":13,"column":23}}},"fnMap":{"0":{"name":"(anonymous_0)","decl":{"start":{"line":4,"column":8},"end":{"line":4,"column":9}},"loc":{"start":{"line":4,"column":18},"end":{"line":4,"column":32}},"line":4},"1":{"name":"(anonymous_1)","decl":{"start":{"line":5,"column":9},"end":{"line":5,"column":10}},"loc":{"start":{"line":5,"column":15},"end":{"line":9,"column":3}},"line":5},"2":{"name":"(anonymous_2)","decl":{"start":{"line":7,"column":12},"end":{"line":7,"column":13}},"loc":{"start":{"line":7,"column":23},"end":{"line":7,"column":38}},"line":7},"3":{"name":"(anonymous_3)","decl":{"start":{"line":8,"column":13},"end":{"line":8,"column":14}},"loc":{"start":{"line":8,"column":20},"end":{"line":8,"column":38}},"line":8}},"branchMap":{},"s":{"0":1,"1":1,"2":0,"3":0,"4":0,"5":1,"6":1},"f":{"0":1,"1":0,"2":0,"3":0},"b":{},"_coverageSchema":"1a1c01bbd47fc00a2c39e90264f33305004495a9","hash":"d11a426989a5f193dfa879dc83d56643063a17b7"}
,"/Users/lawlorseanr/hackreactor/senior/project-catwalk/client/src/state/actions/addToCart.js": {"path":"/Users/lawlorseanr/hackreactor/senior/project-catwalk/client/src/state/actions/addToCart.js","statementMap":{"0":{"start":{"line":2,"column":2},"end":{"line":7,"column":4}}},"fnMap":{"0":{"name":"(anonymous_0)","decl":{"start":{"line":1,"column":15},"end":{"line":1,"column":16}},"loc":{"start":{"line":1,"column":51},"end":{"line":8,"column":1}},"line":1}},"branchMap":{},"s":{"0":0},"f":{"0":0},"b":{},"_coverageSchema":"1a1c01bbd47fc00a2c39e90264f33305004495a9","hash":"f86f4f6669de11e5319d39b0b89333baac03d196"}
,"/Users/lawlorseanr/hackreactor/senior/project-catwalk/client/src/state/actions/getAnswers.js": {"path":"/Users/lawlorseanr/hackreactor/senior/project-catwalk/client/src/state/actions/getAnswers.js","statementMap":{"0":{"start":{"line":5,"column":2},"end":{"line":20,"column":38}},"1":{"start":{"line":15,"column":6},"end":{"line":18,"column":9}},"2":{"start":{"line":20,"column":18},"end":{"line":20,"column":36}}},"fnMap":{"0":{"name":"(anonymous_0)","decl":{"start":{"line":4,"column":15},"end":{"line":4,"column":16}},"loc":{"start":{"line":4,"column":54},"end":{"line":21,"column":1}},"line":4},"1":{"name":"(anonymous_1)","decl":{"start":{"line":14,"column":10},"end":{"line":14,"column":11}},"loc":{"start":{"line":14,"column":18},"end":{"line":19,"column":5}},"line":14},"2":{"name":"(anonymous_2)","decl":{"start":{"line":20,"column":11},"end":{"line":20,"column":12}},"loc":{"start":{"line":20,"column":18},"end":{"line":20,"column":36}},"line":20}},"branchMap":{},"s":{"0":0,"1":0,"2":0},"f":{"0":0,"1":0,"2":0},"b":{},"_coverageSchema":"1a1c01bbd47fc00a2c39e90264f33305004495a9","hash":"ebf60351e5c83c2bfe3087e84b45469f86004a34"}
,"/Users/lawlorseanr/hackreactor/senior/project-catwalk/client/src/state/actions/getQuestions.js": {"path":"/Users/lawlorseanr/hackreactor/senior/project-catwalk/client/src/state/actions/getQuestions.js","statementMap":{"0":{"start":{"line":5,"column":2},"end":{"line":21,"column":38}},"1":{"start":{"line":16,"column":6},"end":{"line":19,"column":9}},"2":{"start":{"line":21,"column":18},"end":{"line":21,"column":36}}},"fnMap":{"0":{"name":"(anonymous_0)","decl":{"start":{"line":4,"column":15},"end":{"line":4,"column":16}},"loc":{"start":{"line":4,"column":53},"end":{"line":22,"column":1}},"line":4},"1":{"name":"(anonymous_1)","decl":{"start":{"line":15,"column":10},"end":{"line":15,"column":11}},"loc":{"start":{"line":15,"column":18},"end":{"line":20,"column":5}},"line":15},"2":{"name":"(anonymous_2)","decl":{"start":{"line":21,"column":11},"end":{"line":21,"column":12}},"loc":{"start":{"line":21,"column":18},"end":{"line":21,"column":36}},"line":21}},"branchMap":{},"s":{"0":0,"1":0,"2":0},"f":{"0":0,"1":0,"2":0},"b":{},"_coverageSchema":"1a1c01bbd47fc00a2c39e90264f33305004495a9","hash":"9a972769b07c3bd559597e3280eb844311b8d302"}
,"/Users/lawlorseanr/hackreactor/senior/project-catwalk/client/src/state/actions/index.js": {"path":"/Users/lawlorseanr/hackreactor/senior/project-catwalk/client/src/state/actions/index.js","statementMap":{"0":{"start":{"line":14,"column":16},"end":{"line":27,"column":1}}},"fnMap":{},"branchMap":{},"s":{"0":1},"f":{},"b":{},"_coverageSchema":"1a1c01bbd47fc00a2c39e90264f33305004495a9","hash":"1285775bef8ade95be63618ae16e782d83ca4cce"}
,"/Users/lawlorseanr/hackreactor/senior/project-catwalk/client/src/state/actions/selectOutfits.js": {"path":"/Users/lawlorseanr/hackreactor/senior/project-catwalk/client/src/state/actions/selectOutfits.js","statementMap":{"0":{"start":{"line":1,"column":18},"end":{"line":4,"column":2}},"1":{"start":{"line":1,"column":29},"end":{"line":4,"column":1}},"2":{"start":{"line":6,"column":21},"end":{"line":9,"column":2}},"3":{"start":{"line":6,"column":37},"end":{"line":9,"column":1}}},"fnMap":{"0":{"name":"(anonymous_0)","decl":{"start":{"line":1,"column":18},"end":{"line":1,"column":19}},"loc":{"start":{"line":1,"column":29},"end":{"line":4,"column":1}},"line":1},"1":{"name":"(anonymous_1)","decl":{"start":{"line":6,"column":21},"end":{"line":6,"column":22}},"loc":{"start":{"line":6,"column":37},"end":{"line":9,"column":1}},"line":6}},"branchMap":{},"s":{"0":1,"1":0,"2":1,"3":0},"f":{"0":0,"1":0},"b":{},"_coverageSchema":"1a1c01bbd47fc00a2c39e90264f33305004495a9","hash":"345a195225ddff7a3d11638464915d942d21e688"}
,"/Users/lawlorseanr/hackreactor/senior/project-catwalk/client/src/state/actions/selectProduct.js": {"path":"/Users/lawlorseanr/hackreactor/senior/project-catwalk/client/src/state/actions/selectProduct.js","statementMap":{"0":{"start":{"line":5,"column":21},"end":{"line":9,"column":4}},"1":{"start":{"line":11,"column":19},"end":{"line":15,"column":4}},"2":{"start":{"line":17,"column":2},"end":{"line":32,"column":38}},"3":{"start":{"line":22,"column":37},"end":{"line":22,"column":41}},"4":{"start":{"line":23,"column":6},"end":{"line":30,"column":9}},"5":{"start":{"line":32,"column":18},"end":{"line":32,"column":36}}},"fnMap":{"0":{"name":"(anonymous_0)","decl":{"start":{"line":4,"column":15},"end":{"line":4,"column":16}},"loc":{"start":{"line":4,"column":40},"end":{"line":33,"column":1}},"line":4},"1":{"name":"(anonymous_1)","decl":{"start":{"line":21,"column":10},"end":{"line":21,"column":11}},"loc":{"start":{"line":21,"column":18},"end":{"line":31,"column":5}},"line":21},"2":{"name":"(anonymous_2)","decl":{"start":{"line":32,"column":11},"end":{"line":32,"column":12}},"loc":{"start":{"line":32,"column":18},"end":{"line":32,"column":36}},"line":32}},"branchMap":{},"s":{"0":0,"1":0,"2":0,"3":0,"4":0,"5":0},"f":{"0":0,"1":0,"2":0},"b":{},"_coverageSchema":"1a1c01bbd47fc00a2c39e90264f33305004495a9","hash":"c987f0e3ae79716d4853ce92941f2dac83550fd1"}
,"/Users/lawlorseanr/hackreactor/senior/project-catwalk/client/src/state/actions/selectQuantity.js": {"path":"/Users/lawlorseanr/hackreactor/senior/project-catwalk/client/src/state/actions/selectQuantity.js","statementMap":{"0":{"start":{"line":2,"column":2},"end":{"line":7,"column":3}},"1":{"start":{"line":3,"column":4},"end":{"line":6,"column":6}}},"fnMap":{"0":{"name":"(anonymous_0)","decl":{"start":{"line":1,"column":15},"end":{"line":1,"column":16}},"loc":{"start":{"line":1,"column":29},"end":{"line":8,"column":1}},"line":1},"1":{"name":"(anonymous_1)","decl":{"start":{"line":2,"column":9},"end":{"line":2,"column":10}},"loc":{"start":{"line":2,"column":23},"end":{"line":7,"column":3}},"line":2}},"branchMap":{},"s":{"0":0,"1":0},"f":{"0":0,"1":0},"b":{},"_coverageSchema":"1a1c01bbd47fc00a2c39e90264f33305004495a9","hash":"14f9773f5bf7ac78bf146110c23d2fb8086c6477"}
,"/Users/lawlorseanr/hackreactor/senior/project-catwalk/client/src/state/actions/selectSize.js": {"path":"/Users/lawlorseanr/hackreactor/senior/project-catwalk/client/src/state/actions/selectSize.js","statementMap":{"0":{"start":{"line":2,"column":2},"end":{"line":7,"column":3}},"1":{"start":{"line":3,"column":4},"end":{"line":6,"column":6}}},"fnMap":{"0":{"name":"(anonymous_0)","decl":{"start":{"line":1,"column":15},"end":{"line":1,"column":16}},"loc":{"start":{"line":1,"column":25},"end":{"line":8,"column":1}},"line":1},"1":{"name":"(anonymous_1)","decl":{"start":{"line":2,"column":9},"end":{"line":2,"column":10}},"loc":{"start":{"line":2,"column":23},"end":{"line":7,"column":3}},"line":2}},"branchMap":{},"s":{"0":0,"1":0},"f":{"0":0,"1":0},"b":{},"_coverageSchema":"1a1c01bbd47fc00a2c39e90264f33305004495a9","hash":"b7d911db767d715072b80e0ae708c93a805623ad"}
,"/Users/lawlorseanr/hackreactor/senior/project-catwalk/client/src/state/actions/selectStyle.js": {"path":"/Users/lawlorseanr/hackreactor/senior/project-catwalk/client/src/state/actions/selectStyle.js","statementMap":{"0":{"start":{"line":2,"column":2},"end":{"line":5,"column":4}}},"fnMap":{"0":{"name":"(anonymous_0)","decl":{"start":{"line":1,"column":15},"end":{"line":1,"column":16}},"loc":{"start":{"line":1,"column":29},"end":{"line":6,"column":1}},"line":1}},"branchMap":{},"s":{"0":0},"f":{"0":0},"b":{},"_coverageSchema":"1a1c01bbd47fc00a2c39e90264f33305004495a9","hash":"f9c278e4d12e7b083c3d5668f7daaaa5b103a096"}
,"/Users/lawlorseanr/hackreactor/senior/project-catwalk/client/src/state/actions/selectThumbnail.js": {"path":"/Users/lawlorseanr/hackreactor/senior/project-catwalk/client/src/state/actions/selectThumbnail.js","statementMap":{"0":{"start":{"line":1,"column":20},"end":{"line":10,"column":1}},"1":{"start":{"line":2,"column":2},"end":{"line":9,"column":4}},"2":{"start":{"line":12,"column":21},"end":{"line":21,"column":1}},"3":{"start":{"line":13,"column":2},"end":{"line":20,"column":4}}},"fnMap":{"0":{"name":"(anonymous_0)","decl":{"start":{"line":1,"column":20},"end":{"line":1,"column":21}},"loc":{"start":{"line":1,"column":50},"end":{"line":10,"column":1}},"line":1},"1":{"name":"(anonymous_1)","decl":{"start":{"line":12,"column":21},"end":{"line":12,"column":22}},"loc":{"start":{"line":12,"column":51},"end":{"line":21,"column":1}},"line":12}},"branchMap":{},"s":{"0":1,"1":10,"2":1,"3":3},"f":{"0":10,"1":3},"b":{},"_coverageSchema":"1a1c01bbd47fc00a2c39e90264f33305004495a9","hash":"18110942a56104a26bb7ee98045e94c336bc7b4b"}
,"/Users/lawlorseanr/hackreactor/senior/project-catwalk/client/src/state/actions/setRelated.js": {"path":"/Users/lawlorseanr/hackreactor/senior/project-catwalk/client/src/state/actions/setRelated.js","statementMap":{"0":{"start":{"line":7,"column":2},"end":{"line":53,"column":38}},"1":{"start":{"line":13,"column":6},"end":{"line":13,"column":27}},"2":{"start":{"line":16,"column":28},"end":{"line":24,"column":8}},"3":{"start":{"line":17,"column":8},"end":{"line":23,"column":40}},"4":{"start":{"line":22,"column":28},"end":{"line":22,"column":41}},"5":{"start":{"line":23,"column":26},"end":{"line":23,"column":36}},"6":{"start":{"line":26,"column":26},"end":{"line":34,"column":8}},"7":{"start":{"line":27,"column":8},"end":{"line":33,"column":40}},"8":{"start":{"line":32,"column":28},"end":{"line":32,"column":41}},"9":{"start":{"line":33,"column":26},"end":{"line":33,"column":36}},"10":{"start":{"line":36,"column":6},"end":{"line":51,"column":38}},"11":{"start":{"line":38,"column":28},"end":{"line":38,"column":58}},"12":{"start":{"line":39,"column":26},"end":{"line":39,"column":53}},"13":{"start":{"line":41,"column":10},"end":{"line":49,"column":13}},"14":{"start":{"line":51,"column":24},"end":{"line":51,"column":34}},"15":{"start":{"line":53,"column":18},"end":{"line":53,"column":36}}},"fnMap":{"0":{"name":"(anonymous_0)","decl":{"start":{"line":5,"column":15},"end":{"line":5,"column":16}},"loc":{"start":{"line":5,"column":40},"end":{"line":54,"column":1}},"line":5},"1":{"name":"(anonymous_1)","decl":{"start":{"line":12,"column":10},"end":{"line":12,"column":11}},"loc":{"start":{"line":12,"column":22},"end":{"line":14,"column":5}},"line":12},"2":{"name":"(anonymous_2)","decl":{"start":{"line":15,"column":10},"end":{"line":15,"column":11}},"loc":{"start":{"line":15,"column":21},"end":{"line":52,"column":5}},"line":15},"3":{"name":"(anonymous_3)","decl":{"start":{"line":16,"column":43},"end":{"line":16,"column":44}},"loc":{"start":{"line":16,"column":59},"end":{"line":24,"column":7}},"line":16},"4":{"name":"(anonymous_4)","decl":{"start":{"line":22,"column":16},"end":{"line":22,"column":17}},"loc":{"start":{"line":22,"column":28},"end":{"line":22,"column":41}},"line":22},"5":{"name":"(anonymous_5)","decl":{"start":{"line":23,"column":17},"end":{"line":23,"column":18}},"loc":{"start":{"line":23,"column":24},"end":{"line":23,"column":38}},"line":23},"6":{"name":"(anonymous_6)","decl":{"start":{"line":26,"column":41},"end":{"line":26,"column":42}},"loc":{"start":{"line":26,"column":57},"end":{"line":34,"column":7}},"line":26},"7":{"name":"(anonymous_7)","decl":{"start":{"line":32,"column":16},"end":{"line":32,"column":17}},"loc":{"start":{"line":32,"column":28},"end":{"line":32,"column":41}},"line":32},"8":{"name":"(anonymous_8)","decl":{"start":{"line":33,"column":17},"end":{"line":33,"column":18}},"loc":{"start":{"line":33,"column":24},"end":{"line":33,"column":38}},"line":33},"9":{"name":"(anonymous_9)","decl":{"start":{"line":37,"column":14},"end":{"line":37,"column":15}},"loc":{"start":{"line":37,"column":22},"end":{"line":50,"column":9}},"line":37},"10":{"name":"(anonymous_10)","decl":{"start":{"line":51,"column":15},"end":{"line":51,"column":16}},"loc":{"start":{"line":51,"column":22},"end":{"line":51,"column":36}},"line":51},"11":{"name":"(anonymous_11)","decl":{"start":{"line":53,"column":11},"end":{"line":53,"column":12}},"loc":{"start":{"line":53,"column":18},"end":{"line":53,"column":36}},"line":53}},"branchMap":{},"s":{"0":0,"1":0,"2":0,"3":0,"4":0,"5":0,"6":0,"7":0,"8":0,"9":0,"10":0,"11":0,"12":0,"13":0,"14":0,"15":0},"f":{"0":0,"1":0,"2":0,"3":0,"4":0,"5":0,"6":0,"7":0,"8":0,"9":0,"10":0,"11":0},"b":{},"_coverageSchema":"1a1c01bbd47fc00a2c39e90264f33305004495a9","hash":"35ccffe56a7c5ba9d46b36b3eefee288b8bb3020"}
,"/Users/lawlorseanr/hackreactor/senior/project-catwalk/client/src/state/actions/setReviews.js": {"path":"/Users/lawlorseanr/hackreactor/senior/project-catwalk/client/src/state/actions/setReviews.js","statementMap":{"0":{"start":{"line":6,"column":21},"end":{"line":16,"column":4}},"1":{"start":{"line":18,"column":22},"end":{"line":25,"column":4}},"2":{"start":{"line":27,"column":2},"end":{"line":41,"column":36}},"3":{"start":{"line":32,"column":32},"end":{"line":32,"column":36}},"4":{"start":{"line":33,"column":6},"end":{"line":39,"column":9}},"5":{"start":{"line":41,"column":18},"end":{"line":41,"column":34}}},"fnMap":{"0":{"name":"(anonymous_0)","decl":{"start":{"line":5,"column":15},"end":{"line":5,"column":16}},"loc":{"start":{"line":5,"column":77},"end":{"line":42,"column":1}},"line":5},"1":{"name":"(anonymous_1)","decl":{"start":{"line":31,"column":10},"end":{"line":31,"column":11}},"loc":{"start":{"line":31,"column":18},"end":{"line":40,"column":5}},"line":31},"2":{"name":"(anonymous_2)","decl":{"start":{"line":41,"column":11},"end":{"line":41,"column":12}},"loc":{"start":{"line":41,"column":18},"end":{"line":41,"column":34}},"line":41}},"branchMap":{},"s":{"0":0,"1":0,"2":0,"3":0,"4":0,"5":0},"f":{"0":0,"1":0,"2":0},"b":{},"_coverageSchema":"1a1c01bbd47fc00a2c39e90264f33305004495a9","hash":"4a54c927f91e3d9ce510177731ac81ddb2cfdbcb"}
,"/Users/lawlorseanr/hackreactor/senior/project-catwalk/client/src/state/actions/setViews.js": {"path":"/Users/lawlorseanr/hackreactor/senior/project-catwalk/client/src/state/actions/setViews.js","statementMap":{"0":{"start":{"line":1,"column":18},"end":{"line":4,"column":2}},"1":{"start":{"line":1,"column":30},"end":{"line":4,"column":1}},"2":{"start":{"line":6,"column":20},"end":{"line":10,"column":1}},"3":{"start":{"line":7,"column":2},"end":{"line":9,"column":4}},"4":{"start":{"line":12,"column":17},"end":{"line":16,"column":1}},"5":{"start":{"line":13,"column":2},"end":{"line":15,"column":4}}},"fnMap":{"0":{"name":"(anonymous_0)","decl":{"start":{"line":1,"column":18},"end":{"line":1,"column":19}},"loc":{"start":{"line":1,"column":30},"end":{"line":4,"column":1}},"line":1},"1":{"name":"(anonymous_1)","decl":{"start":{"line":6,"column":20},"end":{"line":6,"column":21}},"loc":{"start":{"line":6,"column":26},"end":{"line":10,"column":1}},"line":6},"2":{"name":"(anonymous_2)","decl":{"start":{"line":12,"column":17},"end":{"line":12,"column":18}},"loc":{"start":{"line":12,"column":23},"end":{"line":16,"column":1}},"line":12}},"branchMap":{},"s":{"0":1,"1":0,"2":1,"3":3,"4":1,"5":2},"f":{"0":0,"1":3,"2":2},"b":{},"_coverageSchema":"1a1c01bbd47fc00a2c39e90264f33305004495a9","hash":"7336382b2c415ebed2bbd13d6160cfe08db8d61d"}
,"/Users/lawlorseanr/hackreactor/senior/project-catwalk/client/src/state/reducers/addToCart.js": {"path":"/Users/lawlorseanr/hackreactor/senior/project-catwalk/client/src/state/reducers/addToCart.js","statementMap":{"0":{"start":{"line":3,"column":21},"end":{"line":3,"column":23}},"1":{"start":{"line":5,"column":16},"end":{"line":13,"column":1}},"2":{"start":{"line":6,"column":2},"end":{"line":12,"column":3}},"3":{"start":{"line":8,"column":4},"end":{"line":8,"column":31}},"4":{"start":{"line":9,"column":4},"end":{"line":9,"column":17}},"5":{"start":{"line":11,"column":4},"end":{"line":11,"column":17}}},"fnMap":{"0":{"name":"(anonymous_0)","decl":{"start":{"line":5,"column":16},"end":{"line":5,"column":17}},"loc":{"start":{"line":5,"column":50},"end":{"line":13,"column":1}},"line":5}},"branchMap":{"0":{"loc":{"start":{"line":5,"column":17},"end":{"line":5,"column":37}},"type":"default-arg","locations":[{"start":{"line":5,"column":25},"end":{"line":5,"column":37}}],"line":5},"1":{"loc":{"start":{"line":6,"column":2},"end":{"line":12,"column":3}},"type":"switch","locations":[{"start":{"line":7,"column":2},"end":{"line":9,"column":17}},{"start":{"line":10,"column":2},"end":{"line":11,"column":17}}],"line":6}},"s":{"0":1,"1":1,"2":25,"3":0,"4":0,"5":25},"f":{"0":25},"b":{"0":[2],"1":[0,25]},"_coverageSchema":"1a1c01bbd47fc00a2c39e90264f33305004495a9","hash":"077f1c92f44a972aafd9e7cbb5584053e7c1c31d"}
,"/Users/lawlorseanr/hackreactor/senior/project-catwalk/client/src/state/reducers/getAnswers.js": {"path":"/Users/lawlorseanr/hackreactor/senior/project-catwalk/client/src/state/reducers/getAnswers.js","statementMap":{"0":{"start":{"line":3,"column":21},"end":{"line":17,"column":1}},"1":{"start":{"line":20,"column":2},"end":{"line":25,"column":3}},"2":{"start":{"line":22,"column":6},"end":{"line":22,"column":28}},"3":{"start":{"line":24,"column":6},"end":{"line":24,"column":19}}},"fnMap":{"0":{"name":"(anonymous_0)","decl":{"start":{"line":19,"column":15},"end":{"line":19,"column":16}},"loc":{"start":{"line":19,"column":49},"end":{"line":26,"column":1}},"line":19}},"branchMap":{"0":{"loc":{"start":{"line":19,"column":16},"end":{"line":19,"column":36}},"type":"default-arg","locations":[{"start":{"line":19,"column":24},"end":{"line":19,"column":36}}],"line":19},"1":{"loc":{"start":{"line":20,"column":2},"end":{"line":25,"column":3}},"type":"switch","locations":[{"start":{"line":21,"column":4},"end":{"line":22,"column":28}},{"start":{"line":23,"column":4},"end":{"line":24,"column":19}}],"line":20}},"s":{"0":1,"1":25,"2":0,"3":25},"f":{"0":25},"b":{"0":[2],"1":[0,25]},"_coverageSchema":"1a1c01bbd47fc00a2c39e90264f33305004495a9","hash":"27576757e95eb131b607f62bd6c15a05c69e57a7"}
,"/Users/lawlorseanr/hackreactor/senior/project-catwalk/client/src/state/reducers/getQuestions.js": {"path":"/Users/lawlorseanr/hackreactor/senior/project-catwalk/client/src/state/reducers/getQuestions.js","statementMap":{"0":{"start":{"line":3,"column":21},"end":{"line":23,"column":1}},"1":{"start":{"line":26,"column":2},"end":{"line":31,"column":3}},"2":{"start":{"line":28,"column":6},"end":{"line":28,"column":28}},"3":{"start":{"line":30,"column":6},"end":{"line":30,"column":19}}},"fnMap":{"0":{"name":"(anonymous_0)","decl":{"start":{"line":25,"column":15},"end":{"line":25,"column":16}},"loc":{"start":{"line":25,"column":49},"end":{"line":32,"column":1}},"line":25}},"branchMap":{"0":{"loc":{"start":{"line":25,"column":16},"end":{"line":25,"column":36}},"type":"default-arg","locations":[{"start":{"line":25,"column":24},"end":{"line":25,"column":36}}],"line":25},"1":{"loc":{"start":{"line":26,"column":2},"end":{"line":31,"column":3}},"type":"switch","locations":[{"start":{"line":27,"column":4},"end":{"line":28,"column":28}},{"start":{"line":29,"column":4},"end":{"line":30,"column":19}}],"line":26}},"s":{"0":1,"1":25,"2":0,"3":25},"f":{"0":25},"b":{"0":[2],"1":[0,25]},"_coverageSchema":"1a1c01bbd47fc00a2c39e90264f33305004495a9","hash":"49b0c8ba6154c7ff0fc88781da7e9ceeadd66298"}
,"/Users/lawlorseanr/hackreactor/senior/project-catwalk/client/src/state/reducers/index.js": {"path":"/Users/lawlorseanr/hackreactor/senior/project-catwalk/client/src/state/reducers/index.js","statementMap":{"0":{"start":{"line":15,"column":20},"end":{"line":27,"column":1}}},"fnMap":{},"branchMap":{},"s":{"0":1},"f":{},"b":{},"_coverageSchema":"1a1c01bbd47fc00a2c39e90264f33305004495a9","hash":"2b41a6d5ff19c5288ffd168311e90ec89b0a5a27"}
,"/Users/lawlorseanr/hackreactor/senior/project-catwalk/client/src/state/reducers/selectProduct.js": {"path":"/Users/lawlorseanr/hackreactor/senior/project-catwalk/client/src/state/reducers/selectProduct.js","statementMap":{"0":{"start":{"line":4,"column":21},"end":{"line":42,"column":1}},"1":{"start":{"line":45,"column":2},"end":{"line":50,"column":3}},"2":{"start":{"line":47,"column":4},"end":{"line":47,"column":26}},"3":{"start":{"line":49,"column":4},"end":{"line":49,"column":17}}},"fnMap":{"0":{"name":"(anonymous_0)","decl":{"start":{"line":44,"column":15},"end":{"line":44,"column":16}},"loc":{"start":{"line":44,"column":49},"end":{"line":51,"column":1}},"line":44}},"branchMap":{"0":{"loc":{"start":{"line":44,"column":16},"end":{"line":44,"column":36}},"type":"default-arg","locations":[{"start":{"line":44,"column":24},"end":{"line":44,"column":36}}],"line":44},"1":{"loc":{"start":{"line":45,"column":2},"end":{"line":50,"column":3}},"type":"switch","locations":[{"start":{"line":46,"column":2},"end":{"line":47,"column":26}},{"start":{"line":48,"column":2},"end":{"line":49,"column":17}}],"line":45}},"s":{"0":1,"1":25,"2":0,"3":25},"f":{"0":25},"b":{"0":[2],"1":[0,25]},"_coverageSchema":"1a1c01bbd47fc00a2c39e90264f33305004495a9","hash":"168ce6ebed3789b116ce70b212f7a42134ae4e11"}
,"/Users/lawlorseanr/hackreactor/senior/project-catwalk/client/src/state/reducers/selectQuantity.js": {"path":"/Users/lawlorseanr/hackreactor/senior/project-catwalk/client/src/state/reducers/selectQuantity.js","statementMap":{"0":{"start":{"line":3,"column":21},"end":{"line":3,"column":22}},"1":{"start":{"line":5,"column":16},"end":{"line":12,"column":1}},"2":{"start":{"line":6,"column":2},"end":{"line":11,"column":3}},"3":{"start":{"line":8,"column":4},"end":{"line":8,"column":26}},"4":{"start":{"line":10,"column":4},"end":{"line":10,"column":17}}},"fnMap":{"0":{"name":"(anonymous_0)","decl":{"start":{"line":5,"column":16},"end":{"line":5,"column":17}},"loc":{"start":{"line":5,"column":50},"end":{"line":12,"column":1}},"line":5}},"branchMap":{"0":{"loc":{"start":{"line":5,"column":17},"end":{"line":5,"column":37}},"type":"default-arg","locations":[{"start":{"line":5,"column":25},"end":{"line":5,"column":37}}],"line":5},"1":{"loc":{"start":{"line":6,"column":2},"end":{"line":11,"column":3}},"type":"switch","locations":[{"start":{"line":7,"column":2},"end":{"line":8,"column":26}},{"start":{"line":9,"column":2},"end":{"line":10,"column":17}}],"line":6}},"s":{"0":1,"1":1,"2":25,"3":0,"4":25},"f":{"0":25},"b":{"0":[2],"1":[0,25]},"_coverageSchema":"1a1c01bbd47fc00a2c39e90264f33305004495a9","hash":"7dbb6a192dc0e1731111da9b5eb17245b8303907"}
,"/Users/lawlorseanr/hackreactor/senior/project-catwalk/client/src/state/reducers/selectSize.js": {"path":"/Users/lawlorseanr/hackreactor/senior/project-catwalk/client/src/state/reducers/selectSize.js","statementMap":{"0":{"start":{"line":3,"column":21},"end":{"line":3,"column":23}},"1":{"start":{"line":5,"column":16},"end":{"line":12,"column":1}},"2":{"start":{"line":6,"column":2},"end":{"line":11,"column":3}},"3":{"start":{"line":8,"column":4},"end":{"line":8,"column":26}},"4":{"start":{"line":10,"column":4},"end":{"line":10,"column":17}}},"fnMap":{"0":{"name":"(anonymous_0)","decl":{"start":{"line":5,"column":16},"end":{"line":5,"column":17}},"loc":{"start":{"line":5,"column":50},"end":{"line":12,"column":1}},"line":5}},"branchMap":{"0":{"loc":{"start":{"line":5,"column":17},"end":{"line":5,"column":37}},"type":"default-arg","locations":[{"start":{"line":5,"column":25},"end":{"line":5,"column":37}}],"line":5},"1":{"loc":{"start":{"line":6,"column":2},"end":{"line":11,"column":3}},"type":"switch","locations":[{"start":{"line":7,"column":2},"end":{"line":8,"column":26}},{"start":{"line":9,"column":2},"end":{"line":10,"column":17}}],"line":6}},"s":{"0":1,"1":1,"2":25,"3":0,"4":25},"f":{"0":25},"b":{"0":[2],"1":[0,25]},"_coverageSchema":"1a1c01bbd47fc00a2c39e90264f33305004495a9","hash":"50ac01b371892709cac2de9e47eca8f3cfa03abb"}
,"/Users/lawlorseanr/hackreactor/senior/project-catwalk/client/src/state/reducers/selectStyle.js": {"path":"/Users/lawlorseanr/hackreactor/senior/project-catwalk/client/src/state/reducers/selectStyle.js","statementMap":{"0":{"start":{"line":3,"column":21},"end":{"line":3,"column":22}},"1":{"start":{"line":5,"column":16},"end":{"line":12,"column":1}},"2":{"start":{"line":6,"column":2},"end":{"line":11,"column":3}},"3":{"start":{"line":8,"column":4},"end":{"line":8,"column":26}},"4":{"start":{"line":10,"column":4},"end":{"line":10,"column":17}}},"fnMap":{"0":{"name":"(anonymous_0)","decl":{"start":{"line":5,"column":16},"end":{"line":5,"column":17}},"loc":{"start":{"line":5,"column":50},"end":{"line":12,"column":1}},"line":5}},"branchMap":{"0":{"loc":{"start":{"line":5,"column":17},"end":{"line":5,"column":37}},"type":"default-arg","locations":[{"start":{"line":5,"column":25},"end":{"line":5,"column":37}}],"line":5},"1":{"loc":{"start":{"line":6,"column":2},"end":{"line":11,"column":3}},"type":"switch","locations":[{"start":{"line":7,"column":2},"end":{"line":8,"column":26}},{"start":{"line":9,"column":2},"end":{"line":10,"column":17}}],"line":6}},"s":{"0":1,"1":1,"2":25,"3":0,"4":25},"f":{"0":25},"b":{"0":[2],"1":[0,25]},"_coverageSchema":"1a1c01bbd47fc00a2c39e90264f33305004495a9","hash":"90fd37dde541d0c795adfe9b7ab967825cea683f"}
,"/Users/lawlorseanr/hackreactor/senior/project-catwalk/client/src/state/reducers/selectThumbnail.js": {"path":"/Users/lawlorseanr/hackreactor/senior/project-catwalk/client/src/state/reducers/selectThumbnail.js","statementMap":{"0":{"start":{"line":4,"column":20},"end":{"line":4,"column":23}},"1":{"start":{"line":5,"column":21},"end":{"line":5,"column":23}},"2":{"start":{"line":6,"column":15},"end":{"line":6,"column":16}},"3":{"start":{"line":8,"column":21},"end":{"line":11,"column":1}},"4":{"start":{"line":13,"column":16},"end":{"line":51,"column":1}},"5":{"start":{"line":14,"column":2},"end":{"line":50,"column":3}},"6":{"start":{"line":16,"column":39},"end":{"line":16,"column":53}},"7":{"start":{"line":17,"column":19},"end":{"line":17,"column":30}},"8":{"start":{"line":18,"column":4},"end":{"line":24,"column":5}},"9":{"start":{"line":19,"column":6},"end":{"line":19,"column":24}},"10":{"start":{"line":20,"column":11},"end":{"line":24,"column":5}},"11":{"start":{"line":21,"column":6},"end":{"line":21,"column":22}},"12":{"start":{"line":23,"column":6},"end":{"line":23,"column":26}},"13":{"start":{"line":26,"column":18},"end":{"line":26,"column":34}},"14":{"start":{"line":27,"column":19},"end":{"line":27,"column":41}},"15":{"start":{"line":29,"column":20},"end":{"line":29,"column":39}},"16":{"start":{"line":30,"column":21},"end":{"line":30,"column":44}},"17":{"start":{"line":32,"column":4},"end":{"line":36,"column":5}},"18":{"start":{"line":33,"column":6},"end":{"line":33,"column":35}},"19":{"start":{"line":34,"column":11},"end":{"line":36,"column":5}},"20":{"start":{"line":35,"column":6},"end":{"line":35,"column":51}},"21":{"start":{"line":37,"column":4},"end":{"line":37,"column":17}},"22":{"start":{"line":39,"column":39},"end":{"line":39,"column":53}},"23":{"start":{"line":40,"column":4},"end":{"line":46,"column":5}},"24":{"start":{"line":41,"column":6},"end":{"line":41,"column":24}},"25":{"start":{"line":42,"column":11},"end":{"line":46,"column":5}},"26":{"start":{"line":43,"column":6},"end":{"line":43,"column":22}},"27":{"start":{"line":45,"column":6},"end":{"line":45,"column":26}},"28":{"start":{"line":47,"column":4},"end":{"line":47,"column":17}},"29":{"start":{"line":49,"column":4},"end":{"line":49,"column":17}}},"fnMap":{"0":{"name":"(anonymous_0)","decl":{"start":{"line":13,"column":16},"end":{"line":13,"column":17}},"loc":{"start":{"line":13,"column":50},"end":{"line":51,"column":1}},"line":13}},"branchMap":{"0":{"loc":{"start":{"line":13,"column":17},"end":{"line":13,"column":37}},"type":"default-arg","locations":[{"start":{"line":13,"column":25},"end":{"line":13,"column":37}}],"line":13},"1":{"loc":{"start":{"line":14,"column":2},"end":{"line":50,"column":3}},"type":"switch","locations":[{"start":{"line":15,"column":2},"end":{"line":37,"column":17}},{"start":{"line":38,"column":2},"end":{"line":47,"column":17}},{"start":{"line":48,"column":2},"end":{"line":49,"column":17}}],"line":14},"2":{"loc":{"start":{"line":18,"column":4},"end":{"line":24,"column":5}},"type":"if","locations":[{"start":{"line":18,"column":4},"end":{"line":24,"column":5}},{"start":{"line":18,"column":4},"end":{"line":24,"column":5}}],"line":18},"3":{"loc":{"start":{"line":20,"column":11},"end":{"line":24,"column":5}},"type":"if","locations":[{"start":{"line":20,"column":11},"end":{"line":24,"column":5}},{"start":{"line":20,"column":11},"end":{"line":24,"column":5}}],"line":20},"4":{"loc":{"start":{"line":32,"column":4},"end":{"line":36,"column":5}},"type":"if","locations":[{"start":{"line":32,"column":4},"end":{"line":36,"column":5}},{"start":{"line":32,"column":4},"end":{"line":36,"column":5}}],"line":32},"5":{"loc":{"start":{"line":34,"column":11},"end":{"line":36,"column":5}},"type":"if","locations":[{"start":{"line":34,"column":11},"end":{"line":36,"column":5}},{"start":{"line":34,"column":11},"end":{"line":36,"column":5}}],"line":34},"6":{"loc":{"start":{"line":40,"column":4},"end":{"line":46,"column":5}},"type":"if","locations":[{"start":{"line":40,"column":4},"end":{"line":46,"column":5}},{"start":{"line":40,"column":4},"end":{"line":46,"column":5}}],"line":40},"7":{"loc":{"start":{"line":42,"column":11},"end":{"line":46,"column":5}},"type":"if","locations":[{"start":{"line":42,"column":11},"end":{"line":46,"column":5}},{"start":{"line":42,"column":11},"end":{"line":46,"column":5}}],"line":42}},"s":{"0":1,"1":1,"2":1,"3":1,"4":1,"5":25,"6":10,"7":10,"8":10,"9":0,"10":10,"11":1,"12":9,"13":10,"14":10,"15":10,"16":10,"17":10,"18":5,"19":5,"20":5,"21":10,"22":3,"23":3,"24":0,"25":3,"26":1,"27":2,"28":3,"29":12},"f":{"0":25},"b":{"0":[2],"1":[10,3,12],"2":[0,10],"3":[1,9],"4":[5,5],"5":[5,0],"6":[0,3],"7":[1,2]},"_coverageSchema":"1a1c01bbd47fc00a2c39e90264f33305004495a9","hash":"a019f1b6915e9cbfa9ca5b8220a602c16025161a"}
,"/Users/lawlorseanr/hackreactor/senior/project-catwalk/client/src/state/reducers/setRelated.js": {"path":"/Users/lawlorseanr/hackreactor/senior/project-catwalk/client/src/state/reducers/setRelated.js","statementMap":{"0":{"start":{"line":3,"column":21},"end":{"line":11,"column":1}},"1":{"start":{"line":13,"column":16},"end":{"line":48,"column":1}},"2":{"start":{"line":14,"column":2},"end":{"line":47,"column":3}},"3":{"start":{"line":16,"column":4},"end":{"line":24,"column":6}},"4":{"start":{"line":26,"column":19},"end":{"line":34,"column":5}},"5":{"start":{"line":35,"column":4},"end":{"line":37,"column":5}},"6":{"start":{"line":36,"column":6},"end":{"line":36,"column":28}},"7":{"start":{"line":38,"column":4},"end":{"line":38,"column":20}},"8":{"start":{"line":40,"column":4},"end":{"line":40,"column":39}},"9":{"start":{"line":41,"column":4},"end":{"line":41,"column":17}},"10":{"start":{"line":43,"column":4},"end":{"line":43,"column":44}},"11":{"start":{"line":44,"column":4},"end":{"line":44,"column":17}},"12":{"start":{"line":46,"column":4},"end":{"line":46,"column":17}}},"fnMap":{"0":{"name":"(anonymous_0)","decl":{"start":{"line":13,"column":16},"end":{"line":13,"column":17}},"loc":{"start":{"line":13,"column":50},"end":{"line":48,"column":1}},"line":13}},"branchMap":{"0":{"loc":{"start":{"line":13,"column":17},"end":{"line":13,"column":37}},"type":"default-arg","locations":[{"start":{"line":13,"column":25},"end":{"line":13,"column":37}}],"line":13},"1":{"loc":{"start":{"line":14,"column":2},"end":{"line":47,"column":3}},"type":"switch","locations":[{"start":{"line":15,"column":2},"end":{"line":24,"column":6}},{"start":{"line":25,"column":2},"end":{"line":38,"column":20}},{"start":{"line":39,"column":2},"end":{"line":41,"column":17}},{"start":{"line":42,"column":2},"end":{"line":44,"column":17}},{"start":{"line":45,"column":2},"end":{"line":46,"column":17}}],"line":14},"2":{"loc":{"start":{"line":35,"column":4},"end":{"line":37,"column":5}},"type":"if","locations":[{"start":{"line":35,"column":4},"end":{"line":37,"column":5}},{"start":{"line":35,"column":4},"end":{"line":37,"column":5}}],"line":35}},"s":{"0":1,"1":1,"2":25,"3":0,"4":0,"5":0,"6":0,"7":0,"8":0,"9":0,"10":0,"11":0,"12":25},"f":{"0":25},"b":{"0":[2],"1":[0,0,0,0,25],"2":[0,0]},"_coverageSchema":"1a1c01bbd47fc00a2c39e90264f33305004495a9","hash":"eb53071342f02b0aee2c9a4afae0eae99800ae7e"}
,"/Users/lawlorseanr/hackreactor/senior/project-catwalk/client/src/state/reducers/setReviews.js": {"path":"/Users/lawlorseanr/hackreactor/senior/project-catwalk/client/src/state/reducers/setReviews.js","statementMap":{"0":{"start":{"line":3,"column":21},"end":{"line":6,"column":1}},"1":{"start":{"line":8,"column":16},"end":{"line":18,"column":1}},"2":{"start":{"line":9,"column":2},"end":{"line":17,"column":3}},"3":{"start":{"line":11,"column":4},"end":{"line":14,"column":6}},"4":{"start":{"line":16,"column":4},"end":{"line":16,"column":17}}},"fnMap":{"0":{"name":"(anonymous_0)","decl":{"start":{"line":8,"column":16},"end":{"line":8,"column":17}},"loc":{"start":{"line":8,"column":50},"end":{"line":18,"column":1}},"line":8}},"branchMap":{"0":{"loc":{"start":{"line":8,"column":17},"end":{"line":8,"column":37}},"type":"default-arg","locations":[{"start":{"line":8,"column":25},"end":{"line":8,"column":37}}],"line":8},"1":{"loc":{"start":{"line":9,"column":2},"end":{"line":17,"column":3}},"type":"switch","locations":[{"start":{"line":10,"column":2},"end":{"line":14,"column":6}},{"start":{"line":15,"column":2},"end":{"line":16,"column":17}}],"line":9}},"s":{"0":1,"1":1,"2":25,"3":0,"4":25},"f":{"0":25},"b":{"0":[2],"1":[0,25]},"_coverageSchema":"1a1c01bbd47fc00a2c39e90264f33305004495a9","hash":"6e9809ac9b14e60ba84a033f45ae35322bbd5243"}
,"/Users/lawlorseanr/hackreactor/senior/project-catwalk/client/src/state/reducers/setViews.js": {"path":"/Users/lawlorseanr/hackreactor/senior/project-catwalk/client/src/state/reducers/setViews.js","statementMap":{"0":{"start":{"line":3,"column":21},"end":{"line":6,"column":1}},"1":{"start":{"line":8,"column":16},"end":{"line":31,"column":1}},"2":{"start":{"line":9,"column":2},"end":{"line":30,"column":3}},"3":{"start":{"line":11,"column":21},"end":{"line":14,"column":5}},"4":{"start":{"line":15,"column":4},"end":{"line":17,"column":5}},"5":{"start":{"line":16,"column":6},"end":{"line":16,"column":32}},"6":{"start":{"line":18,"column":4},"end":{"line":18,"column":22}},"7":{"start":{"line":20,"column":21},"end":{"line":23,"column":5}},"8":{"start":{"line":24,"column":4},"end":{"line":26,"column":5}},"9":{"start":{"line":25,"column":6},"end":{"line":25,"column":32}},"10":{"start":{"line":27,"column":4},"end":{"line":27,"column":22}},"11":{"start":{"line":29,"column":4},"end":{"line":29,"column":17}}},"fnMap":{"0":{"name":"(anonymous_0)","decl":{"start":{"line":8,"column":16},"end":{"line":8,"column":17}},"loc":{"start":{"line":8,"column":50},"end":{"line":31,"column":1}},"line":8}},"branchMap":{"0":{"loc":{"start":{"line":8,"column":17},"end":{"line":8,"column":37}},"type":"default-arg","locations":[{"start":{"line":8,"column":25},"end":{"line":8,"column":37}}],"line":8},"1":{"loc":{"start":{"line":9,"column":2},"end":{"line":30,"column":3}},"type":"switch","locations":[{"start":{"line":10,"column":2},"end":{"line":18,"column":22}},{"start":{"line":19,"column":2},"end":{"line":27,"column":22}},{"start":{"line":28,"column":2},"end":{"line":29,"column":17}}],"line":9},"2":{"loc":{"start":{"line":15,"column":4},"end":{"line":17,"column":5}},"type":"if","locations":[{"start":{"line":15,"column":4},"end":{"line":17,"column":5}},{"start":{"line":15,"column":4},"end":{"line":17,"column":5}}],"line":15},"3":{"loc":{"start":{"line":24,"column":4},"end":{"line":26,"column":5}},"type":"if","locations":[{"start":{"line":24,"column":4},"end":{"line":26,"column":5}},{"start":{"line":24,"column":4},"end":{"line":26,"column":5}}],"line":24}},"s":{"0":1,"1":1,"2":25,"3":3,"4":3,"5":1,"6":3,"7":2,"8":2,"9":0,"10":2,"11":20},"f":{"0":25},"b":{"0":[2],"1":[3,2,20],"2":[1,2],"3":[0,2]},"_coverageSchema":"1a1c01bbd47fc00a2c39e90264f33305004495a9","hash":"d8394d367d8109eecf6330b44600684df078970c"}
,"/Users/lawlorseanr/hackreactor/senior/project-catwalk/data/index.js": {"path":"/Users/lawlorseanr/hackreactor/senior/project-catwalk/data/index.js","statementMap":{},"fnMap":{},"branchMap":{},"s":{},"f":{},"b":{},"_coverageSchema":"1a1c01bbd47fc00a2c39e90264f33305004495a9","hash":"f44cb0c43210f64eeeaaf8c9868067c8dffba12a"}
}
