{"/Users/lawlorseanr/hackreactor/senior/project-catwalk/client/src/components/Overview/ImageGallery-Default.jsx": {"path":"/Users/lawlorseanr/hackreactor/senior/project-catwalk/client/src/components/Overview/ImageGallery-Default.jsx","statementMap":{"0":{"start":{"line":13,"column":20},"end":{"line":13,"column":23}},"1":{"start":{"line":14,"column":19},"end":{"line":14,"column":22}},"2":{"start":{"line":15,"column":20},"end":{"line":15,"column":23}},"3":{"start":{"line":16,"column":21},"end":{"line":16,"column":23}},"4":{"start":{"line":18,"column":34},"end":{"line":18,"column":74}},"5":{"start":{"line":19,"column":33},"end":{"line":19,"column":64}},"6":{"start":{"line":24,"column":19},"end":{"line":24,"column":89}},"7":{"start":{"line":24,"column":25},"end":{"line":24,"column":89}},"8":{"start":{"line":26,"column":31},"end":{"line":54,"column":1}},"9":{"start":{"line":27,"column":16},"end":{"line":27,"column":28}},"10":{"start":{"line":29,"column":27},"end":{"line":29,"column":45}},"11":{"start":{"line":30,"column":2},"end":{"line":30,"column":59}},"12":{"start":{"line":31,"column":19},"end":{"line":31,"column":42}},"13":{"start":{"line":33,"column":13},"end":{"line":33,"column":74}},"14":{"start":{"line":34,"column":14},"end":{"line":34,"column":76}},"15":{"start":{"line":35,"column":2},"end":{"line":53,"column":3}},"16":{"start":{"line":36,"column":4},"end":{"line":36,"column":25}},"17":{"start":{"line":37,"column":4},"end":{"line":37,"column":27}},"18":{"start":{"line":38,"column":4},"end":{"line":38,"column":52}},"19":{"start":{"line":39,"column":4},"end":{"line":39,"column":50}},"20":{"start":{"line":40,"column":9},"end":{"line":53,"column":3}},"21":{"start":{"line":41,"column":4},"end":{"line":41,"column":26}},"22":{"start":{"line":42,"column":4},"end":{"line":42,"column":26}},"23":{"start":{"line":43,"column":4},"end":{"line":43,"column":53}},"24":{"start":{"line":44,"column":4},"end":{"line":44,"column":51}},"25":{"start":{"line":46,"column":4},"end":{"line":46,"column":41}},"26":{"start":{"line":47,"column":4},"end":{"line":47,"column":26}},"27":{"start":{"line":48,"column":4},"end":{"line":48,"column":27}},"28":{"start":{"line":49,"column":4},"end":{"line":49,"column":53}},"29":{"start":{"line":50,"column":4},"end":{"line":50,"column":54}},"30":{"start":{"line":51,"column":4},"end":{"line":51,"column":49}},"31":{"start":{"line":52,"column":4},"end":{"line":52,"column":50}},"32":{"start":{"line":56,"column":26},"end":{"line":63,"column":1}},"33":{"start":{"line":57,"column":2},"end":{"line":62,"column":7}},"34":{"start":{"line":70,"column":19},"end":{"line":70,"column":32}},"35":{"start":{"line":72,"column":16},"end":{"line":72,"column":28}},"36":{"start":{"line":73,"column":2},"end":{"line":75,"column":3}},"37":{"start":{"line":74,"column":4},"end":{"line":74,"column":52}},"38":{"start":{"line":77,"column":24},"end":{"line":77,"column":69}},"39":{"start":{"line":78,"column":2},"end":{"line":157,"column":4}},"40":{"start":{"line":84,"column":25},"end":{"line":84,"column":63}},"41":{"start":{"line":96,"column":25},"end":{"line":96,"column":65}},"42":{"start":{"line":101,"column":25},"end":{"line":101,"column":62}},"43":{"start":{"line":110,"column":25},"end":{"line":110,"column":51}},"44":{"start":{"line":116,"column":12},"end":{"line":145,"column":14}},"45":{"start":{"line":127,"column":18},"end":{"line":131,"column":49}},"46":{"start":{"line":152,"column":25},"end":{"line":152,"column":50}}},"fnMap":{"0":{"name":"(anonymous_0)","decl":{"start":{"line":24,"column":19},"end":{"line":24,"column":20}},"loc":{"start":{"line":24,"column":25},"end":{"line":24,"column":89}},"line":24},"1":{"name":"(anonymous_1)","decl":{"start":{"line":26,"column":31},"end":{"line":26,"column":32}},"loc":{"start":{"line":26,"column":46},"end":{"line":54,"column":1}},"line":26},"2":{"name":"(anonymous_2)","decl":{"start":{"line":56,"column":26},"end":{"line":56,"column":27}},"loc":{"start":{"line":56,"column":58},"end":{"line":63,"column":1}},"line":56},"3":{"name":"(anonymous_3)","decl":{"start":{"line":69,"column":15},"end":{"line":69,"column":16}},"loc":{"start":{"line":69,"column":30},"end":{"line":158,"column":1}},"line":69},"4":{"name":"(anonymous_4)","decl":{"start":{"line":84,"column":19},"end":{"line":84,"column":20}},"loc":{"start":{"line":84,"column":25},"end":{"line":84,"column":63}},"line":84},"5":{"name":"(anonymous_5)","decl":{"start":{"line":96,"column":19},"end":{"line":96,"column":20}},"loc":{"start":{"line":96,"column":25},"end":{"line":96,"column":65}},"line":96},"6":{"name":"(anonymous_6)","decl":{"start":{"line":101,"column":19},"end":{"line":101,"column":20}},"loc":{"start":{"line":101,"column":25},"end":{"line":101,"column":62}},"line":101},"7":{"name":"(anonymous_7)","decl":{"start":{"line":110,"column":19},"end":{"line":110,"column":20}},"loc":{"start":{"line":110,"column":25},"end":{"line":110,"column":51}},"line":110},"8":{"name":"(anonymous_8)","decl":{"start":{"line":115,"column":37},"end":{"line":115,"column":38}},"loc":{"start":{"line":115,"column":51},"end":{"line":146,"column":11}},"line":115},"9":{"name":"(anonymous_9)","decl":{"start":{"line":126,"column":25},"end":{"line":126,"column":26}},"loc":{"start":{"line":126,"column":31},"end":{"line":132,"column":17}},"line":126},"10":{"name":"(anonymous_10)","decl":{"start":{"line":136,"column":30},"end":{"line":136,"column":31}},"loc":{"start":{"line":136,"column":36},"end":{"line":136,"column":38}},"line":136},"11":{"name":"(anonymous_11)","decl":{"start":{"line":152,"column":19},"end":{"line":152,"column":20}},"loc":{"start":{"line":152,"column":25},"end":{"line":152,"column":50}},"line":152}},"branchMap":{"0":{"loc":{"start":{"line":35,"column":2},"end":{"line":53,"column":3}},"type":"if","locations":[{"start":{"line":35,"column":2},"end":{"line":53,"column":3}},{"start":{"line":35,"column":2},"end":{"line":53,"column":3}}],"line":35},"1":{"loc":{"start":{"line":35,"column":6},"end":{"line":35,"column":70}},"type":"binary-expr","locations":[{"start":{"line":35,"column":6},"end":{"line":35,"column":19}},{"start":{"line":35,"column":23},"end":{"line":35,"column":70}}],"line":35},"2":{"loc":{"start":{"line":40,"column":9},"end":{"line":53,"column":3}},"type":"if","locations":[{"start":{"line":40,"column":9},"end":{"line":53,"column":3}},{"start":{"line":40,"column":9},"end":{"line":53,"column":3}}],"line":40},"3":{"loc":{"start":{"line":40,"column":13},"end":{"line":40,"column":87}},"type":"binary-expr","locations":[{"start":{"line":40,"column":13},"end":{"line":40,"column":26}},{"start":{"line":40,"column":30},"end":{"line":40,"column":87}}],"line":40},"4":{"loc":{"start":{"line":73,"column":2},"end":{"line":75,"column":3}},"type":"if","locations":[{"start":{"line":73,"column":2},"end":{"line":75,"column":3}},{"start":{"line":73,"column":2},"end":{"line":75,"column":3}}],"line":73},"5":{"loc":{"start":{"line":83,"column":46},"end":{"line":83,"column":92}},"type":"cond-expr","locations":[{"start":{"line":83,"column":76},"end":{"line":83,"column":87}},{"start":{"line":83,"column":90},"end":{"line":83,"column":92}}],"line":83},"6":{"loc":{"start":{"line":100,"column":46},"end":{"line":100,"column":120}},"type":"cond-expr","locations":[{"start":{"line":100,"column":104},"end":{"line":100,"column":106}},{"start":{"line":100,"column":109},"end":{"line":100,"column":120}}],"line":100},"7":{"loc":{"start":{"line":135,"column":37},"end":{"line":135,"column":81}},"type":"binary-expr","locations":[{"start":{"line":135,"column":37},"end":{"line":135,"column":64}},{"start":{"line":135,"column":68},"end":{"line":135,"column":81}}],"line":135},"8":{"loc":{"start":{"line":139,"column":29},"end":{"line":139,"column":64}},"type":"binary-expr","locations":[{"start":{"line":139,"column":29},"end":{"line":139,"column":56}},{"start":{"line":139,"column":60},"end":{"line":139,"column":64}}],"line":139}},"s":{"0":1,"1":1,"2":1,"3":1,"4":1,"5":1,"6":1,"7":0,"8":1,"9":0,"10":0,"11":0,"12":0,"13":0,"14":0,"15":0,"16":0,"17":0,"18":0,"19":0,"20":0,"21":0,"22":0,"23":0,"24":0,"25":0,"26":0,"27":0,"28":0,"29":0,"30":0,"31":0,"32":1,"33":0,"34":0,"35":0,"36":0,"37":0,"38":0,"39":0,"40":0,"41":0,"42":0,"43":0,"44":0,"45":0,"46":0},"f":{"0":0,"1":0,"2":0,"3":0,"4":0,"5":0,"6":0,"7":0,"8":0,"9":0,"10":0,"11":0},"b":{"0":[0,0],"1":[0,0],"2":[0,0],"3":[0,0],"4":[0,0],"5":[0,0],"6":[0,0],"7":[0,0],"8":[0,0]},"_coverageSchema":"1a1c01bbd47fc00a2c39e90264f33305004495a9","hash":"ec19481384964c4160e1df0edbe0112de3fba777"}
,"/Users/lawlorseanr/hackreactor/senior/project-catwalk/client/src/config/config.js": {"path":"/Users/lawlorseanr/hackreactor/senior/project-catwalk/client/src/config/config.js","statementMap":{"0":{"start":{"line":1,"column":14},"end":{"line":1,"column":56}}},"fnMap":{},"branchMap":{},"s":{"0":1},"f":{},"b":{},"_coverageSchema":"1a1c01bbd47fc00a2c39e90264f33305004495a9","hash":"8efe16612542ba8643764a8d4219fcbf18f0d76a"}
,"/Users/lawlorseanr/hackreactor/senior/project-catwalk/client/src/lib/atelierAPI.js": {"path":"/Users/lawlorseanr/hackreactor/senior/project-catwalk/client/src/lib/atelierAPI.js","statementMap":{"0":{"start":{"line":3,"column":15},"end":{"line":3,"column":61}},"1":{"start":{"line":4,"column":15},"end":{"line":4,"column":23}}},"fnMap":{},"branchMap":{},"s":{"0":1,"1":1},"f":{},"b":{},"_coverageSchema":"1a1c01bbd47fc00a2c39e90264f33305004495a9","hash":"8681a36e4fa0271d6c53dd4fb6975aa934ac3cd2"}
,"/Users/lawlorseanr/hackreactor/senior/project-catwalk/client/src/state/actions/addToCart.js": {"path":"/Users/lawlorseanr/hackreactor/senior/project-catwalk/client/src/state/actions/addToCart.js","statementMap":{"0":{"start":{"line":2,"column":2},"end":{"line":7,"column":4}}},"fnMap":{"0":{"name":"(anonymous_0)","decl":{"start":{"line":1,"column":15},"end":{"line":1,"column":16}},"loc":{"start":{"line":1,"column":51},"end":{"line":8,"column":1}},"line":1}},"branchMap":{},"s":{"0":0},"f":{"0":0},"b":{},"_coverageSchema":"1a1c01bbd47fc00a2c39e90264f33305004495a9","hash":"f86f4f6669de11e5319d39b0b89333baac03d196"}
,"/Users/lawlorseanr/hackreactor/senior/project-catwalk/client/src/state/actions/getAnswers.js": {"path":"/Users/lawlorseanr/hackreactor/senior/project-catwalk/client/src/state/actions/getAnswers.js","statementMap":{"0":{"start":{"line":5,"column":2},"end":{"line":20,"column":38}},"1":{"start":{"line":15,"column":6},"end":{"line":18,"column":9}},"2":{"start":{"line":20,"column":18},"end":{"line":20,"column":36}}},"fnMap":{"0":{"name":"(anonymous_0)","decl":{"start":{"line":4,"column":15},"end":{"line":4,"column":16}},"loc":{"start":{"line":4,"column":54},"end":{"line":21,"column":1}},"line":4},"1":{"name":"(anonymous_1)","decl":{"start":{"line":14,"column":10},"end":{"line":14,"column":11}},"loc":{"start":{"line":14,"column":18},"end":{"line":19,"column":5}},"line":14},"2":{"name":"(anonymous_2)","decl":{"start":{"line":20,"column":11},"end":{"line":20,"column":12}},"loc":{"start":{"line":20,"column":18},"end":{"line":20,"column":36}},"line":20}},"branchMap":{},"s":{"0":0,"1":0,"2":0},"f":{"0":0,"1":0,"2":0},"b":{},"_coverageSchema":"1a1c01bbd47fc00a2c39e90264f33305004495a9","hash":"ebf60351e5c83c2bfe3087e84b45469f86004a34"}
,"/Users/lawlorseanr/hackreactor/senior/project-catwalk/client/src/state/actions/getQuestions.js": {"path":"/Users/lawlorseanr/hackreactor/senior/project-catwalk/client/src/state/actions/getQuestions.js","statementMap":{"0":{"start":{"line":5,"column":2},"end":{"line":21,"column":38}},"1":{"start":{"line":16,"column":6},"end":{"line":19,"column":9}},"2":{"start":{"line":21,"column":18},"end":{"line":21,"column":36}}},"fnMap":{"0":{"name":"(anonymous_0)","decl":{"start":{"line":4,"column":15},"end":{"line":4,"column":16}},"loc":{"start":{"line":4,"column":53},"end":{"line":22,"column":1}},"line":4},"1":{"name":"(anonymous_1)","decl":{"start":{"line":15,"column":10},"end":{"line":15,"column":11}},"loc":{"start":{"line":15,"column":18},"end":{"line":20,"column":5}},"line":15},"2":{"name":"(anonymous_2)","decl":{"start":{"line":21,"column":11},"end":{"line":21,"column":12}},"loc":{"start":{"line":21,"column":18},"end":{"line":21,"column":36}},"line":21}},"branchMap":{},"s":{"0":0,"1":0,"2":0},"f":{"0":0,"1":0,"2":0},"b":{},"_coverageSchema":"1a1c01bbd47fc00a2c39e90264f33305004495a9","hash":"9a972769b07c3bd559597e3280eb844311b8d302"}
,"/Users/lawlorseanr/hackreactor/senior/project-catwalk/client/src/state/actions/index.js": {"path":"/Users/lawlorseanr/hackreactor/senior/project-catwalk/client/src/state/actions/index.js","statementMap":{"0":{"start":{"line":14,"column":16},"end":{"line":27,"column":1}}},"fnMap":{},"branchMap":{},"s":{"0":1},"f":{},"b":{},"_coverageSchema":"1a1c01bbd47fc00a2c39e90264f33305004495a9","hash":"1285775bef8ade95be63618ae16e782d83ca4cce"}
,"/Users/lawlorseanr/hackreactor/senior/project-catwalk/client/src/state/actions/selectOutfits.js": {"path":"/Users/lawlorseanr/hackreactor/senior/project-catwalk/client/src/state/actions/selectOutfits.js","statementMap":{"0":{"start":{"line":1,"column":18},"end":{"line":4,"column":2}},"1":{"start":{"line":1,"column":29},"end":{"line":4,"column":1}},"2":{"start":{"line":6,"column":21},"end":{"line":9,"column":2}},"3":{"start":{"line":6,"column":37},"end":{"line":9,"column":1}}},"fnMap":{"0":{"name":"(anonymous_0)","decl":{"start":{"line":1,"column":18},"end":{"line":1,"column":19}},"loc":{"start":{"line":1,"column":29},"end":{"line":4,"column":1}},"line":1},"1":{"name":"(anonymous_1)","decl":{"start":{"line":6,"column":21},"end":{"line":6,"column":22}},"loc":{"start":{"line":6,"column":37},"end":{"line":9,"column":1}},"line":6}},"branchMap":{},"s":{"0":1,"1":0,"2":1,"3":0},"f":{"0":0,"1":0},"b":{},"_coverageSchema":"1a1c01bbd47fc00a2c39e90264f33305004495a9","hash":"345a195225ddff7a3d11638464915d942d21e688"}
,"/Users/lawlorseanr/hackreactor/senior/project-catwalk/client/src/state/actions/selectProduct.js": {"path":"/Users/lawlorseanr/hackreactor/senior/project-catwalk/client/src/state/actions/selectProduct.js","statementMap":{"0":{"start":{"line":5,"column":21},"end":{"line":9,"column":4}},"1":{"start":{"line":11,"column":19},"end":{"line":15,"column":4}},"2":{"start":{"line":17,"column":2},"end":{"line":32,"column":38}},"3":{"start":{"line":22,"column":37},"end":{"line":22,"column":41}},"4":{"start":{"line":23,"column":6},"end":{"line":30,"column":9}},"5":{"start":{"line":32,"column":18},"end":{"line":32,"column":36}}},"fnMap":{"0":{"name":"(anonymous_0)","decl":{"start":{"line":4,"column":15},"end":{"line":4,"column":16}},"loc":{"start":{"line":4,"column":40},"end":{"line":33,"column":1}},"line":4},"1":{"name":"(anonymous_1)","decl":{"start":{"line":21,"column":10},"end":{"line":21,"column":11}},"loc":{"start":{"line":21,"column":18},"end":{"line":31,"column":5}},"line":21},"2":{"name":"(anonymous_2)","decl":{"start":{"line":32,"column":11},"end":{"line":32,"column":12}},"loc":{"start":{"line":32,"column":18},"end":{"line":32,"column":36}},"line":32}},"branchMap":{},"s":{"0":0,"1":0,"2":0,"3":0,"4":0,"5":0},"f":{"0":0,"1":0,"2":0},"b":{},"_coverageSchema":"1a1c01bbd47fc00a2c39e90264f33305004495a9","hash":"c987f0e3ae79716d4853ce92941f2dac83550fd1"}
,"/Users/lawlorseanr/hackreactor/senior/project-catwalk/client/src/state/actions/selectQuantity.js": {"path":"/Users/lawlorseanr/hackreactor/senior/project-catwalk/client/src/state/actions/selectQuantity.js","statementMap":{"0":{"start":{"line":2,"column":2},"end":{"line":7,"column":3}},"1":{"start":{"line":3,"column":4},"end":{"line":6,"column":6}}},"fnMap":{"0":{"name":"(anonymous_0)","decl":{"start":{"line":1,"column":15},"end":{"line":1,"column":16}},"loc":{"start":{"line":1,"column":29},"end":{"line":8,"column":1}},"line":1},"1":{"name":"(anonymous_1)","decl":{"start":{"line":2,"column":9},"end":{"line":2,"column":10}},"loc":{"start":{"line":2,"column":23},"end":{"line":7,"column":3}},"line":2}},"branchMap":{},"s":{"0":0,"1":0},"f":{"0":0,"1":0},"b":{},"_coverageSchema":"1a1c01bbd47fc00a2c39e90264f33305004495a9","hash":"14f9773f5bf7ac78bf146110c23d2fb8086c6477"}
,"/Users/lawlorseanr/hackreactor/senior/project-catwalk/client/src/state/actions/selectSize.js": {"path":"/Users/lawlorseanr/hackreactor/senior/project-catwalk/client/src/state/actions/selectSize.js","statementMap":{"0":{"start":{"line":2,"column":2},"end":{"line":7,"column":3}},"1":{"start":{"line":3,"column":4},"end":{"line":6,"column":6}}},"fnMap":{"0":{"name":"(anonymous_0)","decl":{"start":{"line":1,"column":15},"end":{"line":1,"column":16}},"loc":{"start":{"line":1,"column":25},"end":{"line":8,"column":1}},"line":1},"1":{"name":"(anonymous_1)","decl":{"start":{"line":2,"column":9},"end":{"line":2,"column":10}},"loc":{"start":{"line":2,"column":23},"end":{"line":7,"column":3}},"line":2}},"branchMap":{},"s":{"0":0,"1":0},"f":{"0":0,"1":0},"b":{},"_coverageSchema":"1a1c01bbd47fc00a2c39e90264f33305004495a9","hash":"b7d911db767d715072b80e0ae708c93a805623ad"}
,"/Users/lawlorseanr/hackreactor/senior/project-catwalk/client/src/state/actions/selectStyle.js": {"path":"/Users/lawlorseanr/hackreactor/senior/project-catwalk/client/src/state/actions/selectStyle.js","statementMap":{"0":{"start":{"line":2,"column":2},"end":{"line":5,"column":4}}},"fnMap":{"0":{"name":"(anonymous_0)","decl":{"start":{"line":1,"column":15},"end":{"line":1,"column":16}},"loc":{"start":{"line":1,"column":29},"end":{"line":6,"column":1}},"line":1}},"branchMap":{},"s":{"0":0},"f":{"0":0},"b":{},"_coverageSchema":"1a1c01bbd47fc00a2c39e90264f33305004495a9","hash":"f9c278e4d12e7b083c3d5668f7daaaa5b103a096"}
,"/Users/lawlorseanr/hackreactor/senior/project-catwalk/client/src/state/actions/selectThumbnail.js": {"path":"/Users/lawlorseanr/hackreactor/senior/project-catwalk/client/src/state/actions/selectThumbnail.js","statementMap":{"0":{"start":{"line":1,"column":20},"end":{"line":10,"column":1}},"1":{"start":{"line":2,"column":2},"end":{"line":9,"column":4}},"2":{"start":{"line":12,"column":21},"end":{"line":21,"column":1}},"3":{"start":{"line":13,"column":2},"end":{"line":20,"column":4}}},"fnMap":{"0":{"name":"(anonymous_0)","decl":{"start":{"line":1,"column":20},"end":{"line":1,"column":21}},"loc":{"start":{"line":1,"column":50},"end":{"line":10,"column":1}},"line":1},"1":{"name":"(anonymous_1)","decl":{"start":{"line":12,"column":21},"end":{"line":12,"column":22}},"loc":{"start":{"line":12,"column":51},"end":{"line":21,"column":1}},"line":12}},"branchMap":{},"s":{"0":1,"1":0,"2":1,"3":0},"f":{"0":0,"1":0},"b":{},"_coverageSchema":"1a1c01bbd47fc00a2c39e90264f33305004495a9","hash":"18110942a56104a26bb7ee98045e94c336bc7b4b"}
,"/Users/lawlorseanr/hackreactor/senior/project-catwalk/client/src/state/actions/setRelated.js": {"path":"/Users/lawlorseanr/hackreactor/senior/project-catwalk/client/src/state/actions/setRelated.js","statementMap":{"0":{"start":{"line":7,"column":2},"end":{"line":53,"column":38}},"1":{"start":{"line":13,"column":6},"end":{"line":13,"column":27}},"2":{"start":{"line":16,"column":28},"end":{"line":24,"column":8}},"3":{"start":{"line":17,"column":8},"end":{"line":23,"column":40}},"4":{"start":{"line":22,"column":28},"end":{"line":22,"column":41}},"5":{"start":{"line":23,"column":26},"end":{"line":23,"column":36}},"6":{"start":{"line":26,"column":26},"end":{"line":34,"column":8}},"7":{"start":{"line":27,"column":8},"end":{"line":33,"column":40}},"8":{"start":{"line":32,"column":28},"end":{"line":32,"column":41}},"9":{"start":{"line":33,"column":26},"end":{"line":33,"column":36}},"10":{"start":{"line":36,"column":6},"end":{"line":51,"column":38}},"11":{"start":{"line":38,"column":28},"end":{"line":38,"column":58}},"12":{"start":{"line":39,"column":26},"end":{"line":39,"column":53}},"13":{"start":{"line":41,"column":10},"end":{"line":49,"column":13}},"14":{"start":{"line":51,"column":24},"end":{"line":51,"column":34}},"15":{"start":{"line":53,"column":18},"end":{"line":53,"column":36}}},"fnMap":{"0":{"name":"(anonymous_0)","decl":{"start":{"line":5,"column":15},"end":{"line":5,"column":16}},"loc":{"start":{"line":5,"column":40},"end":{"line":54,"column":1}},"line":5},"1":{"name":"(anonymous_1)","decl":{"start":{"line":12,"column":10},"end":{"line":12,"column":11}},"loc":{"start":{"line":12,"column":22},"end":{"line":14,"column":5}},"line":12},"2":{"name":"(anonymous_2)","decl":{"start":{"line":15,"column":10},"end":{"line":15,"column":11}},"loc":{"start":{"line":15,"column":21},"end":{"line":52,"column":5}},"line":15},"3":{"name":"(anonymous_3)","decl":{"start":{"line":16,"column":43},"end":{"line":16,"column":44}},"loc":{"start":{"line":16,"column":59},"end":{"line":24,"column":7}},"line":16},"4":{"name":"(anonymous_4)","decl":{"start":{"line":22,"column":16},"end":{"line":22,"column":17}},"loc":{"start":{"line":22,"column":28},"end":{"line":22,"column":41}},"line":22},"5":{"name":"(anonymous_5)","decl":{"start":{"line":23,"column":17},"end":{"line":23,"column":18}},"loc":{"start":{"line":23,"column":24},"end":{"line":23,"column":38}},"line":23},"6":{"name":"(anonymous_6)","decl":{"start":{"line":26,"column":41},"end":{"line":26,"column":42}},"loc":{"start":{"line":26,"column":57},"end":{"line":34,"column":7}},"line":26},"7":{"name":"(anonymous_7)","decl":{"start":{"line":32,"column":16},"end":{"line":32,"column":17}},"loc":{"start":{"line":32,"column":28},"end":{"line":32,"column":41}},"line":32},"8":{"name":"(anonymous_8)","decl":{"start":{"line":33,"column":17},"end":{"line":33,"column":18}},"loc":{"start":{"line":33,"column":24},"end":{"line":33,"column":38}},"line":33},"9":{"name":"(anonymous_9)","decl":{"start":{"line":37,"column":14},"end":{"line":37,"column":15}},"loc":{"start":{"line":37,"column":22},"end":{"line":50,"column":9}},"line":37},"10":{"name":"(anonymous_10)","decl":{"start":{"line":51,"column":15},"end":{"line":51,"column":16}},"loc":{"start":{"line":51,"column":22},"end":{"line":51,"column":36}},"line":51},"11":{"name":"(anonymous_11)","decl":{"start":{"line":53,"column":11},"end":{"line":53,"column":12}},"loc":{"start":{"line":53,"column":18},"end":{"line":53,"column":36}},"line":53}},"branchMap":{},"s":{"0":0,"1":0,"2":0,"3":0,"4":0,"5":0,"6":0,"7":0,"8":0,"9":0,"10":0,"11":0,"12":0,"13":0,"14":0,"15":0},"f":{"0":0,"1":0,"2":0,"3":0,"4":0,"5":0,"6":0,"7":0,"8":0,"9":0,"10":0,"11":0},"b":{},"_coverageSchema":"1a1c01bbd47fc00a2c39e90264f33305004495a9","hash":"35ccffe56a7c5ba9d46b36b3eefee288b8bb3020"}
,"/Users/lawlorseanr/hackreactor/senior/project-catwalk/client/src/state/actions/setReviews.js": {"path":"/Users/lawlorseanr/hackreactor/senior/project-catwalk/client/src/state/actions/setReviews.js","statementMap":{"0":{"start":{"line":6,"column":21},"end":{"line":16,"column":4}},"1":{"start":{"line":18,"column":22},"end":{"line":25,"column":4}},"2":{"start":{"line":27,"column":2},"end":{"line":41,"column":36}},"3":{"start":{"line":32,"column":32},"end":{"line":32,"column":36}},"4":{"start":{"line":33,"column":6},"end":{"line":39,"column":9}},"5":{"start":{"line":41,"column":18},"end":{"line":41,"column":34}}},"fnMap":{"0":{"name":"(anonymous_0)","decl":{"start":{"line":5,"column":15},"end":{"line":5,"column":16}},"loc":{"start":{"line":5,"column":77},"end":{"line":42,"column":1}},"line":5},"1":{"name":"(anonymous_1)","decl":{"start":{"line":31,"column":10},"end":{"line":31,"column":11}},"loc":{"start":{"line":31,"column":18},"end":{"line":40,"column":5}},"line":31},"2":{"name":"(anonymous_2)","decl":{"start":{"line":41,"column":11},"end":{"line":41,"column":12}},"loc":{"start":{"line":41,"column":18},"end":{"line":41,"column":34}},"line":41}},"branchMap":{},"s":{"0":0,"1":0,"2":0,"3":0,"4":0,"5":0},"f":{"0":0,"1":0,"2":0},"b":{},"_coverageSchema":"1a1c01bbd47fc00a2c39e90264f33305004495a9","hash":"4a54c927f91e3d9ce510177731ac81ddb2cfdbcb"}
,"/Users/lawlorseanr/hackreactor/senior/project-catwalk/client/src/state/actions/setViews.js": {"path":"/Users/lawlorseanr/hackreactor/senior/project-catwalk/client/src/state/actions/setViews.js","statementMap":{"0":{"start":{"line":1,"column":18},"end":{"line":4,"column":2}},"1":{"start":{"line":1,"column":30},"end":{"line":4,"column":1}},"2":{"start":{"line":6,"column":20},"end":{"line":10,"column":1}},"3":{"start":{"line":7,"column":2},"end":{"line":9,"column":4}},"4":{"start":{"line":12,"column":17},"end":{"line":16,"column":1}},"5":{"start":{"line":13,"column":2},"end":{"line":15,"column":4}}},"fnMap":{"0":{"name":"(anonymous_0)","decl":{"start":{"line":1,"column":18},"end":{"line":1,"column":19}},"loc":{"start":{"line":1,"column":30},"end":{"line":4,"column":1}},"line":1},"1":{"name":"(anonymous_1)","decl":{"start":{"line":6,"column":20},"end":{"line":6,"column":21}},"loc":{"start":{"line":6,"column":26},"end":{"line":10,"column":1}},"line":6},"2":{"name":"(anonymous_2)","decl":{"start":{"line":12,"column":17},"end":{"line":12,"column":18}},"loc":{"start":{"line":12,"column":23},"end":{"line":16,"column":1}},"line":12}},"branchMap":{},"s":{"0":1,"1":0,"2":1,"3":0,"4":1,"5":0},"f":{"0":0,"1":0,"2":0},"b":{},"_coverageSchema":"1a1c01bbd47fc00a2c39e90264f33305004495a9","hash":"7336382b2c415ebed2bbd13d6160cfe08db8d61d"}
}
