TN:
SF:client/src/components/Overview/ImageGallery-Default.jsx
FN:24,(anonymous_0)
FN:35,(anonymous_1)
FN:45,(anonymous_2)
FN:45,(anonymous_3)
FN:46,(anonymous_4)
FN:46,(anonymous_5)
FN:69,(anonymous_6)
FN:82,(anonymous_7)
FN:100,(anonymous_8)
FN:112,(anonymous_9)
FN:118,(anonymous_10)
FN:127,(anonymous_11)
FN:132,(anonymous_12)
FN:144,(anonymous_13)
FN:154,(anonymous_14)
FN:170,(anonymous_15)
FNF:16
FNH:14
FNDA:11,(anonymous_0)
FNDA:2,(anonymous_1)
FNDA:2,(anonymous_2)
FNDA:2,(anonymous_3)
FNDA:2,(anonymous_4)
FNDA:2,(anonymous_5)
FNDA:7,(anonymous_6)
FNDA:2,(anonymous_7)
FNDA:4,(anonymous_8)
FNDA:0,(anonymous_9)
FNDA:3,(anonymous_10)
FNDA:1,(anonymous_11)
FNDA:22,(anonymous_12)
FNDA:2,(anonymous_13)
FNDA:0,(anonymous_14)
FNDA:1,(anonymous_15)
DA:13,1
DA:14,1
DA:15,1
DA:16,1
DA:18,1
DA:19,1
DA:24,1
DA:25,11
DA:26,11
DA:27,11
DA:32,0
DA:35,1
DA:36,2
DA:38,2
DA:39,2
DA:40,2
DA:42,2
DA:43,2
DA:45,2
DA:46,2
DA:48,2
DA:49,0
DA:50,0
DA:51,0
DA:52,0
DA:53,2
DA:54,0
DA:55,0
DA:56,0
DA:57,0
DA:59,2
DA:60,2
DA:61,2
DA:62,2
DA:63,2
DA:64,2
DA:65,2
DA:69,1
DA:70,7
DA:84,2
DA:86,2
DA:87,2
DA:88,2
DA:91,2
DA:93,2
DA:100,4
DA:112,0
DA:118,3
DA:127,1
DA:133,22
DA:145,2
DA:170,1
LF:52
LH:42
BRDA:26,0,0,11
BRDA:26,0,1,0
BRDA:45,1,0,2
BRDA:45,1,1,0
BRDA:46,2,0,2
BRDA:46,2,1,0
BRDA:48,3,0,0
BRDA:48,3,1,2
BRDA:48,4,0,2
BRDA:48,4,1,1
BRDA:53,5,0,0
BRDA:53,5,1,2
BRDA:53,6,0,2
BRDA:53,6,1,1
BRDA:87,7,0,2
BRDA:87,7,1,0
BRDA:99,8,0,2
BRDA:99,8,1,0
BRDA:117,9,0,2
BRDA:117,9,1,0
BRDA:153,10,0,22
BRDA:153,10,1,2
BRDA:157,11,0,22
BRDA:157,11,1,2
BRF:24
BRH:16
end_of_record
TN:
SF:client/src/components/Overview/ImageGallery-Expanded.jsx
FN:11,(anonymous_0)
FN:22,(anonymous_1)
FN:31,(anonymous_2)
FN:45,(anonymous_3)
FN:59,(anonymous_4)
FN:65,(anonymous_5)
FN:66,(anonymous_6)
FN:76,(anonymous_7)
FN:79,(anonymous_8)
FN:84,(anonymous_9)
FN:91,(anonymous_10)
FN:92,(anonymous_11)
FN:109,(anonymous_12)
FNF:13
FNH:12
FNDA:0,(anonymous_0)
FNDA:3,(anonymous_1)
FNDA:3,(anonymous_2)
FNDA:1,(anonymous_3)
FNDA:2,(anonymous_4)
FNDA:1,(anonymous_5)
FNDA:2,(anonymous_6)
FNDA:1,(anonymous_7)
FNDA:1,(anonymous_8)
FNDA:33,(anonymous_9)
FNDA:1,(anonymous_10)
FNDA:1,(anonymous_11)
FNDA:1,(anonymous_12)
DA:8,1
DA:9,1
DA:11,1
DA:12,0
DA:13,0
DA:15,0
DA:16,0
DA:17,0
DA:18,0
DA:19,0
DA:22,1
DA:23,3
DA:33,3
DA:35,3
DA:37,3
DA:45,3
DA:46,3
DA:47,3
DA:48,1
DA:49,1
DA:50,1
DA:53,3
DA:59,2
DA:65,1
DA:67,2
DA:68,1
DA:69,1
DA:70,1
DA:71,1
DA:76,1
DA:79,1
DA:85,33
DA:91,1
DA:93,1
DA:94,1
DA:109,1
LF:36
LH:29
BRDA:13,0,0,0
BRDA:13,0,1,0
BRDA:47,1,0,1
BRDA:47,1,1,2
BRDA:58,2,0,1
BRDA:58,2,1,2
BRDA:67,3,0,1
BRDA:67,3,1,1
BRDA:69,4,0,1
BRDA:69,4,1,0
BRDA:90,5,0,3
BRDA:90,5,1,30
BRDA:108,6,0,1
BRDA:108,6,1,2
BRF:14
BRH:11
end_of_record
TN:
SF:client/src/config/config.js
FNF:0
FNH:0
DA:1,1
LF:1
LH:1
BRF:0
BRH:0
end_of_record
TN:
SF:client/src/lib/atelierAPI.js
FN:4,(anonymous_0)
FN:5,(anonymous_1)
FN:7,(anonymous_2)
FN:8,(anonymous_3)
FNF:4
FNH:1
FNDA:1,(anonymous_0)
FNDA:0,(anonymous_1)
FNDA:0,(anonymous_2)
FNDA:0,(anonymous_3)
DA:3,1
DA:4,1
DA:6,0
DA:7,0
DA:8,0
DA:12,1
DA:13,1
LF:7
LH:4
BRF:0
BRH:0
end_of_record
TN:
SF:client/src/state/actions/addToCart.js
FN:1,(anonymous_0)
FNF:1
FNH:0
FNDA:0,(anonymous_0)
DA:2,0
LF:1
LH:0
BRF:0
BRH:0
end_of_record
TN:
SF:client/src/state/actions/getAnswers.js
FN:4,(anonymous_0)
FN:14,(anonymous_1)
FN:20,(anonymous_2)
FNF:3
FNH:0
FNDA:0,(anonymous_0)
FNDA:0,(anonymous_1)
FNDA:0,(anonymous_2)
DA:5,0
DA:15,0
DA:20,0
LF:3
LH:0
BRF:0
BRH:0
end_of_record
TN:
SF:client/src/state/actions/getQuestions.js
FN:4,(anonymous_0)
FN:15,(anonymous_1)
FN:21,(anonymous_2)
FNF:3
FNH:0
FNDA:0,(anonymous_0)
FNDA:0,(anonymous_1)
FNDA:0,(anonymous_2)
DA:5,0
DA:16,0
DA:21,0
LF:3
LH:0
BRF:0
BRH:0
end_of_record
TN:
SF:client/src/state/actions/index.js
FNF:0
FNH:0
DA:14,1
LF:1
LH:1
BRF:0
BRH:0
end_of_record
TN:
SF:client/src/state/actions/selectOutfits.js
FN:1,(anonymous_0)
FN:6,(anonymous_1)
FNF:2
FNH:0
FNDA:0,(anonymous_0)
FNDA:0,(anonymous_1)
DA:1,1
DA:6,1
LF:2
LH:2
BRF:0
BRH:0
end_of_record
TN:
SF:client/src/state/actions/selectProduct.js
FN:4,(anonymous_0)
FN:21,(anonymous_1)
FN:32,(anonymous_2)
FNF:3
FNH:0
FNDA:0,(anonymous_0)
FNDA:0,(anonymous_1)
FNDA:0,(anonymous_2)
DA:5,0
DA:11,0
DA:17,0
DA:22,0
DA:23,0
DA:32,0
LF:6
LH:0
BRF:0
BRH:0
end_of_record
TN:
SF:client/src/state/actions/selectQuantity.js
FN:1,(anonymous_0)
FN:2,(anonymous_1)
FNF:2
FNH:0
FNDA:0,(anonymous_0)
FNDA:0,(anonymous_1)
DA:2,0
DA:3,0
LF:2
LH:0
BRF:0
BRH:0
end_of_record
TN:
SF:client/src/state/actions/selectSize.js
FN:1,(anonymous_0)
FN:2,(anonymous_1)
FNF:2
FNH:0
FNDA:0,(anonymous_0)
FNDA:0,(anonymous_1)
DA:2,0
DA:3,0
LF:2
LH:0
BRF:0
BRH:0
end_of_record
TN:
SF:client/src/state/actions/selectStyle.js
FN:1,(anonymous_0)
FNF:1
FNH:0
FNDA:0,(anonymous_0)
DA:2,0
LF:1
LH:0
BRF:0
BRH:0
end_of_record
TN:
SF:client/src/state/actions/selectThumbnail.js
FN:1,(anonymous_0)
FN:12,(anonymous_1)
FNF:2
FNH:2
FNDA:10,(anonymous_0)
FNDA:3,(anonymous_1)
DA:1,1
DA:2,10
DA:12,1
DA:13,3
LF:4
LH:4
BRF:0
BRH:0
end_of_record
TN:
SF:client/src/state/actions/setRelated.js
FN:5,(anonymous_0)
FN:12,(anonymous_1)
FN:15,(anonymous_2)
FN:16,(anonymous_3)
FN:22,(anonymous_4)
FN:23,(anonymous_5)
FN:26,(anonymous_6)
FN:32,(anonymous_7)
FN:33,(anonymous_8)
FN:37,(anonymous_9)
FN:51,(anonymous_10)
FN:53,(anonymous_11)
FNF:12
FNH:0
FNDA:0,(anonymous_0)
FNDA:0,(anonymous_1)
FNDA:0,(anonymous_2)
FNDA:0,(anonymous_3)
FNDA:0,(anonymous_4)
FNDA:0,(anonymous_5)
FNDA:0,(anonymous_6)
FNDA:0,(anonymous_7)
FNDA:0,(anonymous_8)
FNDA:0,(anonymous_9)
FNDA:0,(anonymous_10)
FNDA:0,(anonymous_11)
DA:7,0
DA:13,0
DA:16,0
DA:17,0
DA:22,0
DA:23,0
DA:26,0
DA:27,0
DA:32,0
DA:33,0
DA:36,0
DA:38,0
DA:39,0
DA:41,0
DA:51,0
DA:53,0
LF:16
LH:0
BRF:0
BRH:0
end_of_record
TN:
SF:client/src/state/actions/setReviews.js
FN:5,(anonymous_0)
FN:31,(anonymous_1)
FN:41,(anonymous_2)
FNF:3
FNH:0
FNDA:0,(anonymous_0)
FNDA:0,(anonymous_1)
FNDA:0,(anonymous_2)
DA:6,0
DA:18,0
DA:27,0
DA:32,0
DA:33,0
DA:41,0
LF:6
LH:0
BRF:0
BRH:0
end_of_record
TN:
SF:client/src/state/actions/setViews.js
FN:1,(anonymous_0)
FN:6,(anonymous_1)
FN:12,(anonymous_2)
FNF:3
FNH:2
FNDA:0,(anonymous_0)
FNDA:3,(anonymous_1)
FNDA:2,(anonymous_2)
DA:1,1
DA:6,1
DA:7,3
DA:12,1
DA:13,2
LF:5
LH:5
BRF:0
BRH:0
end_of_record
TN:
SF:client/src/state/reducers/addToCart.js
FN:5,(anonymous_0)
FNF:1
FNH:1
FNDA:25,(anonymous_0)
DA:3,1
DA:5,1
DA:6,25
DA:8,0
DA:9,0
DA:11,25
LF:6
LH:4
BRDA:5,0,0,2
BRDA:6,1,0,0
BRDA:6,1,1,25
BRF:3
BRH:2
end_of_record
TN:
SF:client/src/state/reducers/getAnswers.js
FN:19,(anonymous_0)
FNF:1
FNH:1
FNDA:25,(anonymous_0)
DA:3,1
DA:20,25
DA:22,0
DA:24,25
LF:4
LH:3
BRDA:19,0,0,2
BRDA:20,1,0,0
BRDA:20,1,1,25
BRF:3
BRH:2
end_of_record
TN:
SF:client/src/state/reducers/getQuestions.js
FN:25,(anonymous_0)
FNF:1
FNH:1
FNDA:25,(anonymous_0)
DA:3,1
DA:26,25
DA:28,0
DA:30,25
LF:4
LH:3
BRDA:25,0,0,2
BRDA:26,1,0,0
BRDA:26,1,1,25
BRF:3
BRH:2
end_of_record
TN:
SF:client/src/state/reducers/index.js
FNF:0
FNH:0
DA:15,1
LF:1
LH:1
BRF:0
BRH:0
end_of_record
TN:
SF:client/src/state/reducers/selectProduct.js
FN:44,(anonymous_0)
FNF:1
FNH:1
FNDA:25,(anonymous_0)
DA:4,1
DA:45,25
DA:47,0
DA:49,25
LF:4
LH:3
BRDA:44,0,0,2
BRDA:45,1,0,0
BRDA:45,1,1,25
BRF:3
BRH:2
end_of_record
TN:
SF:client/src/state/reducers/selectQuantity.js
FN:5,(anonymous_0)
FNF:1
FNH:1
FNDA:25,(anonymous_0)
DA:3,1
DA:5,1
DA:6,25
DA:8,0
DA:10,25
LF:5
LH:4
BRDA:5,0,0,2
BRDA:6,1,0,0
BRDA:6,1,1,25
BRF:3
BRH:2
end_of_record
TN:
SF:client/src/state/reducers/selectSize.js
FN:5,(anonymous_0)
FNF:1
FNH:1
FNDA:25,(anonymous_0)
DA:3,1
DA:5,1
DA:6,25
DA:8,0
DA:10,25
LF:5
LH:4
BRDA:5,0,0,2
BRDA:6,1,0,0
BRDA:6,1,1,25
BRF:3
BRH:2
end_of_record
TN:
SF:client/src/state/reducers/selectStyle.js
FN:5,(anonymous_0)
FNF:1
FNH:1
FNDA:25,(anonymous_0)
DA:3,1
DA:5,1
DA:6,25
DA:8,0
DA:10,25
LF:5
LH:4
BRDA:5,0,0,2
BRDA:6,1,0,0
BRDA:6,1,1,25
BRF:3
BRH:2
end_of_record
TN:
SF:client/src/state/reducers/selectThumbnail.js
FN:13,(anonymous_0)
FNF:1
FNH:1
FNDA:25,(anonymous_0)
DA:4,1
DA:5,1
DA:6,1
DA:8,1
DA:13,1
DA:14,25
DA:16,10
DA:17,10
DA:18,10
DA:19,0
DA:20,10
DA:21,1
DA:23,9
DA:26,10
DA:27,10
DA:29,10
DA:30,10
DA:32,10
DA:33,5
DA:34,5
DA:35,5
DA:37,10
DA:39,3
DA:40,3
DA:41,0
DA:42,3
DA:43,1
DA:45,2
DA:47,3
DA:49,12
LF:30
LH:28
BRDA:13,0,0,2
BRDA:14,1,0,10
BRDA:14,1,1,3
BRDA:14,1,2,12
BRDA:18,2,0,0
BRDA:18,2,1,10
BRDA:20,3,0,1
BRDA:20,3,1,9
BRDA:32,4,0,5
BRDA:32,4,1,5
BRDA:34,5,0,5
BRDA:34,5,1,0
BRDA:40,6,0,0
BRDA:40,6,1,3
BRDA:42,7,0,1
BRDA:42,7,1,2
BRF:16
BRH:13
end_of_record
TN:
SF:client/src/state/reducers/setRelated.js
FN:13,(anonymous_0)
FNF:1
FNH:1
FNDA:25,(anonymous_0)
DA:3,1
DA:13,1
DA:14,25
DA:16,0
DA:26,0
DA:35,0
DA:36,0
DA:38,0
DA:40,0
DA:41,0
DA:43,0
DA:44,0
DA:46,25
LF:13
LH:4
BRDA:13,0,0,2
BRDA:14,1,0,0
BRDA:14,1,1,0
BRDA:14,1,2,0
BRDA:14,1,3,0
BRDA:14,1,4,25
BRDA:35,2,0,0
BRDA:35,2,1,0
BRF:8
BRH:2
end_of_record
TN:
SF:client/src/state/reducers/setReviews.js
FN:8,(anonymous_0)
FNF:1
FNH:1
FNDA:25,(anonymous_0)
DA:3,1
DA:8,1
DA:9,25
DA:11,0
DA:16,25
LF:5
LH:4
BRDA:8,0,0,2
BRDA:9,1,0,0
BRDA:9,1,1,25
BRF:3
BRH:2
end_of_record
TN:
SF:client/src/state/reducers/setViews.js
FN:8,(anonymous_0)
FNF:1
FNH:1
FNDA:25,(anonymous_0)
DA:3,1
DA:8,1
DA:9,25
DA:11,3
DA:15,3
DA:16,1
DA:18,3
DA:20,2
DA:24,2
DA:25,0
DA:27,2
DA:29,20
LF:12
LH:11
BRDA:8,0,0,2
BRDA:9,1,0,3
BRDA:9,1,1,2
BRDA:9,1,2,20
BRDA:15,2,0,1
BRDA:15,2,1,2
BRDA:24,3,0,0
BRDA:24,3,1,2
BRF:8
BRH:7
end_of_record
TN:
SF:data/index.js
FNF:0
FNH:0
LF:0
LH:0
BRF:0
BRH:0
end_of_record
